[0.221s] DEBUG:colcon:Command line arguments: ['/usr/bin/colcon', 'build', '--packages-select', 'sensor_sim', 'sensor_fusion_core', 'path_planner', 'controller_core']
[0.221s] DEBUG:colcon:Parsed command line arguments: Namespace(log_base=None, log_level=None, verb_name='build', build_base='build', install_base='install', merge_install=False, symlink_install=False, test_result_base=None, continue_on_error=False, executor='parallel', parallel_workers=20, event_handlers=None, ignore_user_meta=False, metas=['./colcon.meta'], base_paths=['.'], packages_ignore=None, packages_ignore_regex=None, paths=None, packages_up_to=None, packages_up_to_regex=None, packages_above=None, packages_above_and_dependencies=None, packages_above_depth=None, packages_select_by_dep=None, packages_skip_by_dep=None, packages_skip_up_to=None, packages_select_build_failed=False, packages_skip_build_finished=False, packages_select_test_failures=False, packages_skip_test_passed=False, packages_select=['sensor_sim', 'sensor_fusion_core', 'path_planner', 'controller_core'], packages_skip=None, packages_select_regex=None, packages_skip_regex=None, packages_start=None, packages_end=None, allow_overriding=[], cmake_args=None, cmake_target=None, cmake_target_skip_unavailable=False, cmake_clean_cache=False, cmake_clean_first=False, cmake_force_configure=False, ament_cmake_args=None, catkin_cmake_args=None, catkin_skip_building_tests=False, mixin_files=None, mixin=None, verb_parser=<colcon_mixin.mixin.mixin_argument.MixinArgumentDecorator object at 0x7f993e8812a0>, verb_extension=<colcon_core.verb.build.BuildVerb object at 0x7f993e880df0>, main=<bound method BuildVerb.main of <colcon_core.verb.build.BuildVerb object at 0x7f993e880df0>>, mixin_verb=('build',))
[0.440s] Level 1:colcon.colcon_core.package_discovery:discover_packages(colcon_meta) check parameters
[0.440s] Level 1:colcon.colcon_core.package_discovery:discover_packages(recursive) check parameters
[0.440s] Level 1:colcon.colcon_core.package_discovery:discover_packages(ignore) check parameters
[0.440s] Level 1:colcon.colcon_core.package_discovery:discover_packages(path) check parameters
[0.440s] Level 1:colcon.colcon_core.package_discovery:discover_packages(colcon_meta) discover
[0.440s] Level 1:colcon.colcon_core.package_discovery:discover_packages(recursive) discover
[0.440s] INFO:colcon.colcon_core.package_discovery:Crawling recursively for packages in '/home/bryan_wsl/projects/ros2_ws'
[0.440s] Level 1:colcon.colcon_core.package_identification:_identify(.) by extensions ['ignore', 'ignore_ament_install']
[0.440s] Level 1:colcon.colcon_core.package_identification:_identify(.) by extension 'ignore'
[0.440s] Level 1:colcon.colcon_core.package_identification:_identify(.) by extension 'ignore_ament_install'
[0.440s] Level 1:colcon.colcon_core.package_identification:_identify(.) by extensions ['colcon_pkg']
[0.440s] Level 1:colcon.colcon_core.package_identification:_identify(.) by extension 'colcon_pkg'
[0.440s] Level 1:colcon.colcon_core.package_identification:_identify(.) by extensions ['colcon_meta']
[0.440s] Level 1:colcon.colcon_core.package_identification:_identify(.) by extension 'colcon_meta'
[0.440s] Level 1:colcon.colcon_core.package_identification:_identify(.) by extensions ['ros']
[0.440s] Level 1:colcon.colcon_core.package_identification:_identify(.) by extension 'ros'
[0.451s] Level 1:colcon.colcon_core.package_identification:_identify(.) by extensions ['cmake', 'python']
[0.451s] Level 1:colcon.colcon_core.package_identification:_identify(.) by extension 'cmake'
[0.452s] Level 1:colcon.colcon_core.package_identification:_identify(.) by extension 'python'
[0.452s] Level 1:colcon.colcon_core.package_identification:_identify(.) by extensions ['python_setup_py']
[0.452s] Level 1:colcon.colcon_core.package_identification:_identify(.) by extension 'python_setup_py'
[0.452s] Level 1:colcon.colcon_core.package_identification:_identify(build) by extensions ['ignore', 'ignore_ament_install']
[0.452s] Level 1:colcon.colcon_core.package_identification:_identify(build) by extension 'ignore'
[0.452s] Level 1:colcon.colcon_core.package_identification:_identify(build) ignored
[0.452s] Level 1:colcon.colcon_core.package_identification:_identify(install) by extensions ['ignore', 'ignore_ament_install']
[0.452s] Level 1:colcon.colcon_core.package_identification:_identify(install) by extension 'ignore'
[0.452s] Level 1:colcon.colcon_core.package_identification:_identify(install) ignored
[0.452s] Level 1:colcon.colcon_core.package_identification:_identify(log) by extensions ['ignore', 'ignore_ament_install']
[0.452s] Level 1:colcon.colcon_core.package_identification:_identify(log) by extension 'ignore'
[0.452s] Level 1:colcon.colcon_core.package_identification:_identify(log) ignored
[0.452s] Level 1:colcon.colcon_core.package_identification:_identify(src) by extensions ['ignore', 'ignore_ament_install']
[0.452s] Level 1:colcon.colcon_core.package_identification:_identify(src) by extension 'ignore'
[0.452s] Level 1:colcon.colcon_core.package_identification:_identify(src) by extension 'ignore_ament_install'
[0.453s] Level 1:colcon.colcon_core.package_identification:_identify(src) by extensions ['colcon_pkg']
[0.453s] Level 1:colcon.colcon_core.package_identification:_identify(src) by extension 'colcon_pkg'
[0.453s] Level 1:colcon.colcon_core.package_identification:_identify(src) by extensions ['colcon_meta']
[0.453s] Level 1:colcon.colcon_core.package_identification:_identify(src) by extension 'colcon_meta'
[0.453s] Level 1:colcon.colcon_core.package_identification:_identify(src) by extensions ['ros']
[0.453s] Level 1:colcon.colcon_core.package_identification:_identify(src) by extension 'ros'
[0.453s] Level 1:colcon.colcon_core.package_identification:_identify(src) by extensions ['cmake', 'python']
[0.453s] Level 1:colcon.colcon_core.package_identification:_identify(src) by extension 'cmake'
[0.453s] Level 1:colcon.colcon_core.package_identification:_identify(src) by extension 'python'
[0.453s] Level 1:colcon.colcon_core.package_identification:_identify(src) by extensions ['python_setup_py']
[0.453s] Level 1:colcon.colcon_core.package_identification:_identify(src) by extension 'python_setup_py'
[0.453s] Level 1:colcon.colcon_core.package_identification:_identify(src/controller_core) by extensions ['ignore', 'ignore_ament_install']
[0.453s] Level 1:colcon.colcon_core.package_identification:_identify(src/controller_core) by extension 'ignore'
[0.453s] Level 1:colcon.colcon_core.package_identification:_identify(src/controller_core) by extension 'ignore_ament_install'
[0.453s] Level 1:colcon.colcon_core.package_identification:_identify(src/controller_core) by extensions ['colcon_pkg']
[0.453s] Level 1:colcon.colcon_core.package_identification:_identify(src/controller_core) by extension 'colcon_pkg'
[0.453s] Level 1:colcon.colcon_core.package_identification:_identify(src/controller_core) by extensions ['colcon_meta']
[0.453s] Level 1:colcon.colcon_core.package_identification:_identify(src/controller_core) by extension 'colcon_meta'
[0.453s] Level 1:colcon.colcon_core.package_identification:_identify(src/controller_core) by extensions ['ros']
[0.453s] Level 1:colcon.colcon_core.package_identification:_identify(src/controller_core) by extension 'ros'
[0.455s] DEBUG:colcon.colcon_core.package_identification:Package 'src/controller_core' with type 'ros.ament_cmake' and name 'controller_core'
[0.456s] Level 1:colcon.colcon_core.package_identification:_identify(src/path_planner) by extensions ['ignore', 'ignore_ament_install']
[0.456s] Level 1:colcon.colcon_core.package_identification:_identify(src/path_planner) by extension 'ignore'
[0.456s] Level 1:colcon.colcon_core.package_identification:_identify(src/path_planner) by extension 'ignore_ament_install'
[0.456s] Level 1:colcon.colcon_core.package_identification:_identify(src/path_planner) by extensions ['colcon_pkg']
[0.456s] Level 1:colcon.colcon_core.package_identification:_identify(src/path_planner) by extension 'colcon_pkg'
[0.456s] Level 1:colcon.colcon_core.package_identification:_identify(src/path_planner) by extensions ['colcon_meta']
[0.456s] Level 1:colcon.colcon_core.package_identification:_identify(src/path_planner) by extension 'colcon_meta'
[0.456s] Level 1:colcon.colcon_core.package_identification:_identify(src/path_planner) by extensions ['ros']
[0.456s] Level 1:colcon.colcon_core.package_identification:_identify(src/path_planner) by extension 'ros'
[0.456s] DEBUG:colcon.colcon_core.package_identification:Package 'src/path_planner' with type 'ros.ament_cmake' and name 'path_planner'
[0.456s] Level 1:colcon.colcon_core.package_identification:_identify(src/sensor_fusion_core) by extensions ['ignore', 'ignore_ament_install']
[0.457s] Level 1:colcon.colcon_core.package_identification:_identify(src/sensor_fusion_core) by extension 'ignore'
[0.457s] Level 1:colcon.colcon_core.package_identification:_identify(src/sensor_fusion_core) by extension 'ignore_ament_install'
[0.457s] Level 1:colcon.colcon_core.package_identification:_identify(src/sensor_fusion_core) by extensions ['colcon_pkg']
[0.457s] Level 1:colcon.colcon_core.package_identification:_identify(src/sensor_fusion_core) by extension 'colcon_pkg'
[0.457s] Level 1:colcon.colcon_core.package_identification:_identify(src/sensor_fusion_core) by extensions ['colcon_meta']
[0.457s] Level 1:colcon.colcon_core.package_identification:_identify(src/sensor_fusion_core) by extension 'colcon_meta'
[0.457s] Level 1:colcon.colcon_core.package_identification:_identify(src/sensor_fusion_core) by extensions ['ros']
[0.457s] Level 1:colcon.colcon_core.package_identification:_identify(src/sensor_fusion_core) by extension 'ros'
[0.457s] DEBUG:colcon.colcon_core.package_identification:Package 'src/sensor_fusion_core' with type 'ros.ament_cmake' and name 'sensor_fusion_core'
[0.457s] Level 1:colcon.colcon_core.package_identification:_identify(src/sensor_sim) by extensions ['ignore', 'ignore_ament_install']
[0.457s] Level 1:colcon.colcon_core.package_identification:_identify(src/sensor_sim) by extension 'ignore'
[0.457s] Level 1:colcon.colcon_core.package_identification:_identify(src/sensor_sim) by extension 'ignore_ament_install'
[0.457s] Level 1:colcon.colcon_core.package_identification:_identify(src/sensor_sim) by extensions ['colcon_pkg']
[0.457s] Level 1:colcon.colcon_core.package_identification:_identify(src/sensor_sim) by extension 'colcon_pkg'
[0.457s] Level 1:colcon.colcon_core.package_identification:_identify(src/sensor_sim) by extensions ['colcon_meta']
[0.458s] Level 1:colcon.colcon_core.package_identification:_identify(src/sensor_sim) by extension 'colcon_meta'
[0.458s] Level 1:colcon.colcon_core.package_identification:_identify(src/sensor_sim) by extensions ['ros']
[0.458s] Level 1:colcon.colcon_core.package_identification:_identify(src/sensor_sim) by extension 'ros'
[0.458s] DEBUG:colcon.colcon_core.package_identification:Package 'src/sensor_sim' with type 'ros.ament_cmake' and name 'sensor_sim'
[0.458s] Level 1:colcon.colcon_core.package_discovery:discover_packages(recursive) using defaults
[0.458s] Level 1:colcon.colcon_core.package_discovery:discover_packages(ignore) discover
[0.458s] Level 1:colcon.colcon_core.package_discovery:discover_packages(ignore) using defaults
[0.458s] Level 1:colcon.colcon_core.package_discovery:discover_packages(path) discover
[0.458s] Level 1:colcon.colcon_core.package_discovery:discover_packages(path) using defaults
[0.483s] Level 1:colcon.colcon_core.package_discovery:discover_packages(prefix_path) check parameters
[0.483s] Level 1:colcon.colcon_core.package_discovery:discover_packages(prefix_path) discover
[0.485s] DEBUG:colcon.colcon_installed_package_information.package_discovery:Found 4 installed packages in /home/bryan_wsl/projects/ros2_ws/install
[0.485s] DEBUG:colcon.colcon_installed_package_information.package_discovery:Found 271 installed packages in /opt/ros/humble
[0.486s] Level 1:colcon.colcon_core.package_discovery:discover_packages(prefix_path) using defaults
[0.507s] Level 5:colcon.colcon_core.verb:set package 'controller_core' build argument 'cmake_args' from command line to 'None'
[0.507s] Level 5:colcon.colcon_core.verb:set package 'controller_core' build argument 'cmake_target' from command line to 'None'
[0.507s] Level 5:colcon.colcon_core.verb:set package 'controller_core' build argument 'cmake_target_skip_unavailable' from command line to 'False'
[0.507s] Level 5:colcon.colcon_core.verb:set package 'controller_core' build argument 'cmake_clean_cache' from command line to 'False'
[0.507s] Level 5:colcon.colcon_core.verb:set package 'controller_core' build argument 'cmake_clean_first' from command line to 'False'
[0.507s] Level 5:colcon.colcon_core.verb:set package 'controller_core' build argument 'cmake_force_configure' from command line to 'False'
[0.507s] Level 5:colcon.colcon_core.verb:set package 'controller_core' build argument 'ament_cmake_args' from command line to 'None'
[0.507s] Level 5:colcon.colcon_core.verb:set package 'controller_core' build argument 'catkin_cmake_args' from command line to 'None'
[0.507s] Level 5:colcon.colcon_core.verb:set package 'controller_core' build argument 'catkin_skip_building_tests' from command line to 'False'
[0.507s] DEBUG:colcon.colcon_core.verb:Building package 'controller_core' with the following arguments: {'ament_cmake_args': None, 'build_base': '/home/bryan_wsl/projects/ros2_ws/build/controller_core', 'catkin_cmake_args': None, 'catkin_skip_building_tests': False, 'cmake_args': None, 'cmake_clean_cache': False, 'cmake_clean_first': False, 'cmake_force_configure': False, 'cmake_target': None, 'cmake_target_skip_unavailable': False, 'install_base': '/home/bryan_wsl/projects/ros2_ws/install/controller_core', 'merge_install': False, 'path': '/home/bryan_wsl/projects/ros2_ws/src/controller_core', 'symlink_install': False, 'test_result_base': None}
[0.507s] Level 5:colcon.colcon_core.verb:set package 'path_planner' build argument 'cmake_args' from command line to 'None'
[0.507s] Level 5:colcon.colcon_core.verb:set package 'path_planner' build argument 'cmake_target' from command line to 'None'
[0.507s] Level 5:colcon.colcon_core.verb:set package 'path_planner' build argument 'cmake_target_skip_unavailable' from command line to 'False'
[0.507s] Level 5:colcon.colcon_core.verb:set package 'path_planner' build argument 'cmake_clean_cache' from command line to 'False'
[0.507s] Level 5:colcon.colcon_core.verb:set package 'path_planner' build argument 'cmake_clean_first' from command line to 'False'
[0.507s] Level 5:colcon.colcon_core.verb:set package 'path_planner' build argument 'cmake_force_configure' from command line to 'False'
[0.507s] Level 5:colcon.colcon_core.verb:set package 'path_planner' build argument 'ament_cmake_args' from command line to 'None'
[0.507s] Level 5:colcon.colcon_core.verb:set package 'path_planner' build argument 'catkin_cmake_args' from command line to 'None'
[0.507s] Level 5:colcon.colcon_core.verb:set package 'path_planner' build argument 'catkin_skip_building_tests' from command line to 'False'
[0.507s] DEBUG:colcon.colcon_core.verb:Building package 'path_planner' with the following arguments: {'ament_cmake_args': None, 'build_base': '/home/bryan_wsl/projects/ros2_ws/build/path_planner', 'catkin_cmake_args': None, 'catkin_skip_building_tests': False, 'cmake_args': None, 'cmake_clean_cache': False, 'cmake_clean_first': False, 'cmake_force_configure': False, 'cmake_target': None, 'cmake_target_skip_unavailable': False, 'install_base': '/home/bryan_wsl/projects/ros2_ws/install/path_planner', 'merge_install': False, 'path': '/home/bryan_wsl/projects/ros2_ws/src/path_planner', 'symlink_install': False, 'test_result_base': None}
[0.507s] Level 5:colcon.colcon_core.verb:set package 'sensor_fusion_core' build argument 'cmake_args' from command line to 'None'
[0.507s] Level 5:colcon.colcon_core.verb:set package 'sensor_fusion_core' build argument 'cmake_target' from command line to 'None'
[0.507s] Level 5:colcon.colcon_core.verb:set package 'sensor_fusion_core' build argument 'cmake_target_skip_unavailable' from command line to 'False'
[0.507s] Level 5:colcon.colcon_core.verb:set package 'sensor_fusion_core' build argument 'cmake_clean_cache' from command line to 'False'
[0.507s] Level 5:colcon.colcon_core.verb:set package 'sensor_fusion_core' build argument 'cmake_clean_first' from command line to 'False'
[0.507s] Level 5:colcon.colcon_core.verb:set package 'sensor_fusion_core' build argument 'cmake_force_configure' from command line to 'False'
[0.508s] Level 5:colcon.colcon_core.verb:set package 'sensor_fusion_core' build argument 'ament_cmake_args' from command line to 'None'
[0.508s] Level 5:colcon.colcon_core.verb:set package 'sensor_fusion_core' build argument 'catkin_cmake_args' from command line to 'None'
[0.508s] Level 5:colcon.colcon_core.verb:set package 'sensor_fusion_core' build argument 'catkin_skip_building_tests' from command line to 'False'
[0.508s] DEBUG:colcon.colcon_core.verb:Building package 'sensor_fusion_core' with the following arguments: {'ament_cmake_args': None, 'build_base': '/home/bryan_wsl/projects/ros2_ws/build/sensor_fusion_core', 'catkin_cmake_args': None, 'catkin_skip_building_tests': False, 'cmake_args': None, 'cmake_clean_cache': False, 'cmake_clean_first': False, 'cmake_force_configure': False, 'cmake_target': None, 'cmake_target_skip_unavailable': False, 'install_base': '/home/bryan_wsl/projects/ros2_ws/install/sensor_fusion_core', 'merge_install': False, 'path': '/home/bryan_wsl/projects/ros2_ws/src/sensor_fusion_core', 'symlink_install': False, 'test_result_base': None}
[0.508s] Level 5:colcon.colcon_core.verb:set package 'sensor_sim' build argument 'cmake_args' from command line to 'None'
[0.508s] Level 5:colcon.colcon_core.verb:set package 'sensor_sim' build argument 'cmake_target' from command line to 'None'
[0.508s] Level 5:colcon.colcon_core.verb:set package 'sensor_sim' build argument 'cmake_target_skip_unavailable' from command line to 'False'
[0.508s] Level 5:colcon.colcon_core.verb:set package 'sensor_sim' build argument 'cmake_clean_cache' from command line to 'False'
[0.508s] Level 5:colcon.colcon_core.verb:set package 'sensor_sim' build argument 'cmake_clean_first' from command line to 'False'
[0.508s] Level 5:colcon.colcon_core.verb:set package 'sensor_sim' build argument 'cmake_force_configure' from command line to 'False'
[0.508s] Level 5:colcon.colcon_core.verb:set package 'sensor_sim' build argument 'ament_cmake_args' from command line to 'None'
[0.508s] Level 5:colcon.colcon_core.verb:set package 'sensor_sim' build argument 'catkin_cmake_args' from command line to 'None'
[0.508s] Level 5:colcon.colcon_core.verb:set package 'sensor_sim' build argument 'catkin_skip_building_tests' from command line to 'False'
[0.508s] DEBUG:colcon.colcon_core.verb:Building package 'sensor_sim' with the following arguments: {'ament_cmake_args': None, 'build_base': '/home/bryan_wsl/projects/ros2_ws/build/sensor_sim', 'catkin_cmake_args': None, 'catkin_skip_building_tests': False, 'cmake_args': None, 'cmake_clean_cache': False, 'cmake_clean_first': False, 'cmake_force_configure': False, 'cmake_target': None, 'cmake_target_skip_unavailable': False, 'install_base': '/home/bryan_wsl/projects/ros2_ws/install/sensor_sim', 'merge_install': False, 'path': '/home/bryan_wsl/projects/ros2_ws/src/sensor_sim', 'symlink_install': False, 'test_result_base': None}
[0.508s] INFO:colcon.colcon_core.executor:Executing jobs using 'parallel' executor
[0.509s] DEBUG:colcon.colcon_parallel_executor.executor.parallel:run_until_complete
[0.509s] INFO:colcon.colcon_ros.task.ament_cmake.build:Building ROS package in '/home/bryan_wsl/projects/ros2_ws/src/controller_core' with build type 'ament_cmake'
[0.509s] INFO:colcon.colcon_cmake.task.cmake.build:Building CMake package in '/home/bryan_wsl/projects/ros2_ws/src/controller_core'
[0.514s] INFO:colcon.colcon_core.plugin_system:Skipping extension 'colcon_core.shell.bat': Not used on non-Windows systems
[0.514s] INFO:colcon.colcon_core.shell:Skip shell extension 'powershell' for command environment: Not usable outside of PowerShell
[0.514s] DEBUG:colcon.colcon_core.shell:Skip shell extension 'dsv' for command environment
[0.517s] INFO:colcon.colcon_ros.task.ament_cmake.build:Building ROS package in '/home/bryan_wsl/projects/ros2_ws/src/path_planner' with build type 'ament_cmake'
[0.517s] INFO:colcon.colcon_cmake.task.cmake.build:Building CMake package in '/home/bryan_wsl/projects/ros2_ws/src/path_planner'
[0.517s] INFO:colcon.colcon_core.shell:Skip shell extension 'powershell' for command environment: Not usable outside of PowerShell
[0.517s] DEBUG:colcon.colcon_core.shell:Skip shell extension 'dsv' for command environment
[0.519s] INFO:colcon.colcon_ros.task.ament_cmake.build:Building ROS package in '/home/bryan_wsl/projects/ros2_ws/src/sensor_fusion_core' with build type 'ament_cmake'
[0.519s] INFO:colcon.colcon_cmake.task.cmake.build:Building CMake package in '/home/bryan_wsl/projects/ros2_ws/src/sensor_fusion_core'
[0.519s] INFO:colcon.colcon_core.shell:Skip shell extension 'powershell' for command environment: Not usable outside of PowerShell
[0.519s] DEBUG:colcon.colcon_core.shell:Skip shell extension 'dsv' for command environment
[0.522s] INFO:colcon.colcon_ros.task.ament_cmake.build:Building ROS package in '/home/bryan_wsl/projects/ros2_ws/src/sensor_sim' with build type 'ament_cmake'
[0.522s] INFO:colcon.colcon_cmake.task.cmake.build:Building CMake package in '/home/bryan_wsl/projects/ros2_ws/src/sensor_sim'
[0.522s] INFO:colcon.colcon_core.shell:Skip shell extension 'powershell' for command environment: Not usable outside of PowerShell
[0.522s] DEBUG:colcon.colcon_core.shell:Skip shell extension 'dsv' for command environment
[0.530s] DEBUG:colcon.colcon_core.event_handler.log_command:Invoking command in '/home/bryan_wsl/projects/ros2_ws/build/controller_core': CMAKE_PREFIX_PATH=/opt/ros/humble /usr/bin/cmake --build /home/bryan_wsl/projects/ros2_ws/build/controller_core -- -j20 -l20
[0.532s] DEBUG:colcon.colcon_core.event_handler.log_command:Invoking command in '/home/bryan_wsl/projects/ros2_ws/build/path_planner': CMAKE_PREFIX_PATH=/opt/ros/humble /usr/bin/cmake --build /home/bryan_wsl/projects/ros2_ws/build/path_planner -- -j20 -l20
[0.537s] DEBUG:colcon.colcon_core.event_handler.log_command:Invoking command in '/home/bryan_wsl/projects/ros2_ws/build/sensor_fusion_core': CMAKE_PREFIX_PATH=/opt/ros/humble /usr/bin/cmake --build /home/bryan_wsl/projects/ros2_ws/build/sensor_fusion_core -- -j20 -l20
[0.541s] DEBUG:colcon.colcon_core.event_handler.log_command:Invoking command in '/home/bryan_wsl/projects/ros2_ws/build/sensor_sim': CMAKE_PREFIX_PATH=/opt/ros/humble /usr/bin/cmake --build /home/bryan_wsl/projects/ros2_ws/build/sensor_sim -- -j20 -l20
[0.646s] DEBUG:colcon.colcon_core.event_handler.log_command:Invoked command in '/home/bryan_wsl/projects/ros2_ws/build/sensor_sim' returned '0': CMAKE_PREFIX_PATH=/opt/ros/humble /usr/bin/cmake --build /home/bryan_wsl/projects/ros2_ws/build/sensor_sim -- -j20 -l20
[0.652s] DEBUG:colcon.colcon_core.event_handler.log_command:Invoking command in '/home/bryan_wsl/projects/ros2_ws/build/sensor_sim': CMAKE_PREFIX_PATH=/opt/ros/humble /usr/bin/cmake --install /home/bryan_wsl/projects/ros2_ws/build/sensor_sim
[0.652s] DEBUG:colcon.colcon_core.event_handler.log_command:Invoked command in '/home/bryan_wsl/projects/ros2_ws/build/sensor_fusion_core' returned '0': CMAKE_PREFIX_PATH=/opt/ros/humble /usr/bin/cmake --build /home/bryan_wsl/projects/ros2_ws/build/sensor_fusion_core -- -j20 -l20
[0.655s] DEBUG:colcon.colcon_core.event_handler.log_command:Invoking command in '/home/bryan_wsl/projects/ros2_ws/build/sensor_fusion_core': CMAKE_PREFIX_PATH=/opt/ros/humble /usr/bin/cmake --install /home/bryan_wsl/projects/ros2_ws/build/sensor_fusion_core
[0.656s] DEBUG:colcon.colcon_core.event_handler.log_command:Invoked command in '/home/bryan_wsl/projects/ros2_ws/build/controller_core' returned '0': CMAKE_PREFIX_PATH=/opt/ros/humble /usr/bin/cmake --build /home/bryan_wsl/projects/ros2_ws/build/controller_core -- -j20 -l20
[0.658s] DEBUG:colcon.colcon_core.event_handler.log_command:Invoking command in '/home/bryan_wsl/projects/ros2_ws/build/controller_core': CMAKE_PREFIX_PATH=/opt/ros/humble /usr/bin/cmake --install /home/bryan_wsl/projects/ros2_ws/build/controller_core
[0.658s] DEBUG:colcon.colcon_core.event_handler.log_command:Invoked command in '/home/bryan_wsl/projects/ros2_ws/build/path_planner' returned '0': CMAKE_PREFIX_PATH=/opt/ros/humble /usr/bin/cmake --build /home/bryan_wsl/projects/ros2_ws/build/path_planner -- -j20 -l20
[0.664s] DEBUG:colcon.colcon_core.event_handler.log_command:Invoking command in '/home/bryan_wsl/projects/ros2_ws/build/path_planner': CMAKE_PREFIX_PATH=/opt/ros/humble /usr/bin/cmake --install /home/bryan_wsl/projects/ros2_ws/build/path_planner
[0.667s] Level 1:colcon.colcon_core.environment:create_environment_scripts_only(sensor_fusion_core)
[0.667s] DEBUG:colcon.colcon_core.event_handler.log_command:Invoked command in '/home/bryan_wsl/projects/ros2_ws/build/sensor_fusion_core' returned '0': CMAKE_PREFIX_PATH=/opt/ros/humble /usr/bin/cmake --install /home/bryan_wsl/projects/ros2_ws/build/sensor_fusion_core
[0.674s] Level 1:colcon.colcon_core.environment:checking '/home/bryan_wsl/projects/ros2_ws/install/sensor_fusion_core' for CMake module files
[0.674s] Level 1:colcon.colcon_core.environment:checking '/home/bryan_wsl/projects/ros2_ws/install/sensor_fusion_core' for CMake config files
[0.674s] Level 1:colcon.colcon_core.shell:create_environment_hook('sensor_fusion_core', 'cmake_prefix_path')
[0.674s] INFO:colcon.colcon_core.shell:Creating environment hook '/home/bryan_wsl/projects/ros2_ws/install/sensor_fusion_core/share/sensor_fusion_core/hook/cmake_prefix_path.ps1'
[0.675s] INFO:colcon.colcon_core.shell:Creating environment descriptor '/home/bryan_wsl/projects/ros2_ws/install/sensor_fusion_core/share/sensor_fusion_core/hook/cmake_prefix_path.dsv'
[0.675s] INFO:colcon.colcon_core.shell:Creating environment hook '/home/bryan_wsl/projects/ros2_ws/install/sensor_fusion_core/share/sensor_fusion_core/hook/cmake_prefix_path.sh'
[0.676s] Level 1:colcon.colcon_core.environment:checking '/home/bryan_wsl/projects/ros2_ws/install/sensor_fusion_core/lib'
[0.676s] Level 1:colcon.colcon_core.environment:checking '/home/bryan_wsl/projects/ros2_ws/install/sensor_fusion_core/bin'
[0.676s] Level 1:colcon.colcon_core.environment:checking '/home/bryan_wsl/projects/ros2_ws/install/sensor_fusion_core/lib/pkgconfig/sensor_fusion_core.pc'
[0.677s] Level 1:colcon.colcon_core.environment:checking '/home/bryan_wsl/projects/ros2_ws/install/sensor_fusion_core/lib/python3.10/site-packages'
[0.677s] Level 1:colcon.colcon_core.environment:checking '/home/bryan_wsl/projects/ros2_ws/install/sensor_fusion_core/bin'
[0.677s] INFO:colcon.colcon_core.shell:Creating package script '/home/bryan_wsl/projects/ros2_ws/install/sensor_fusion_core/share/sensor_fusion_core/package.ps1'
[0.678s] INFO:colcon.colcon_core.shell:Creating package descriptor '/home/bryan_wsl/projects/ros2_ws/install/sensor_fusion_core/share/sensor_fusion_core/package.dsv'
[0.678s] INFO:colcon.colcon_core.shell:Creating package script '/home/bryan_wsl/projects/ros2_ws/install/sensor_fusion_core/share/sensor_fusion_core/package.sh'
[0.679s] INFO:colcon.colcon_core.shell:Creating package script '/home/bryan_wsl/projects/ros2_ws/install/sensor_fusion_core/share/sensor_fusion_core/package.bash'
[0.680s] INFO:colcon.colcon_core.shell:Creating package script '/home/bryan_wsl/projects/ros2_ws/install/sensor_fusion_core/share/sensor_fusion_core/package.zsh'
[0.680s] Level 1:colcon.colcon_core.environment:create_file_with_runtime_dependencies(/home/bryan_wsl/projects/ros2_ws/install/sensor_fusion_core/share/colcon-core/packages/sensor_fusion_core)
[0.681s] Level 1:colcon.colcon_core.environment:create_environment_scripts_only(sensor_fusion_core)
[0.681s] Level 1:colcon.colcon_core.environment:checking '/home/bryan_wsl/projects/ros2_ws/install/sensor_fusion_core' for CMake module files
[0.681s] Level 1:colcon.colcon_core.environment:checking '/home/bryan_wsl/projects/ros2_ws/install/sensor_fusion_core' for CMake config files
[0.681s] Level 1:colcon.colcon_core.shell:create_environment_hook('sensor_fusion_core', 'cmake_prefix_path')
[0.681s] INFO:colcon.colcon_core.shell:Creating environment hook '/home/bryan_wsl/projects/ros2_ws/install/sensor_fusion_core/share/sensor_fusion_core/hook/cmake_prefix_path.ps1'
[0.681s] INFO:colcon.colcon_core.shell:Creating environment descriptor '/home/bryan_wsl/projects/ros2_ws/install/sensor_fusion_core/share/sensor_fusion_core/hook/cmake_prefix_path.dsv'
[0.681s] INFO:colcon.colcon_core.shell:Creating environment hook '/home/bryan_wsl/projects/ros2_ws/install/sensor_fusion_core/share/sensor_fusion_core/hook/cmake_prefix_path.sh'
[0.682s] Level 1:colcon.colcon_core.environment:checking '/home/bryan_wsl/projects/ros2_ws/install/sensor_fusion_core/lib'
[0.682s] Level 1:colcon.colcon_core.environment:checking '/home/bryan_wsl/projects/ros2_ws/install/sensor_fusion_core/bin'
[0.682s] Level 1:colcon.colcon_core.environment:checking '/home/bryan_wsl/projects/ros2_ws/install/sensor_fusion_core/lib/pkgconfig/sensor_fusion_core.pc'
[0.682s] Level 1:colcon.colcon_core.environment:checking '/home/bryan_wsl/projects/ros2_ws/install/sensor_fusion_core/lib/python3.10/site-packages'
[0.682s] Level 1:colcon.colcon_core.environment:checking '/home/bryan_wsl/projects/ros2_ws/install/sensor_fusion_core/bin'
[0.683s] INFO:colcon.colcon_core.shell:Creating package script '/home/bryan_wsl/projects/ros2_ws/install/sensor_fusion_core/share/sensor_fusion_core/package.ps1'
[0.683s] INFO:colcon.colcon_core.shell:Creating package descriptor '/home/bryan_wsl/projects/ros2_ws/install/sensor_fusion_core/share/sensor_fusion_core/package.dsv'
[0.683s] INFO:colcon.colcon_core.shell:Creating package script '/home/bryan_wsl/projects/ros2_ws/install/sensor_fusion_core/share/sensor_fusion_core/package.sh'
[0.683s] INFO:colcon.colcon_core.shell:Creating package script '/home/bryan_wsl/projects/ros2_ws/install/sensor_fusion_core/share/sensor_fusion_core/package.bash'
[0.683s] INFO:colcon.colcon_core.shell:Creating package script '/home/bryan_wsl/projects/ros2_ws/install/sensor_fusion_core/share/sensor_fusion_core/package.zsh'
[0.684s] Level 1:colcon.colcon_core.environment:create_file_with_runtime_dependencies(/home/bryan_wsl/projects/ros2_ws/install/sensor_fusion_core/share/colcon-core/packages/sensor_fusion_core)
[0.684s] Level 1:colcon.colcon_core.environment:create_environment_scripts_only(sensor_sim)
[0.684s] Level 1:colcon.colcon_core.environment:checking '/home/bryan_wsl/projects/ros2_ws/install/sensor_sim' for CMake module files
[0.685s] DEBUG:colcon.colcon_core.event_handler.log_command:Invoked command in '/home/bryan_wsl/projects/ros2_ws/build/sensor_sim' returned '0': CMAKE_PREFIX_PATH=/opt/ros/humble /usr/bin/cmake --install /home/bryan_wsl/projects/ros2_ws/build/sensor_sim
[0.685s] Level 1:colcon.colcon_core.environment:checking '/home/bryan_wsl/projects/ros2_ws/install/sensor_sim' for CMake config files
[0.685s] Level 1:colcon.colcon_core.shell:create_environment_hook('sensor_sim', 'cmake_prefix_path')
[0.685s] INFO:colcon.colcon_core.shell:Creating environment hook '/home/bryan_wsl/projects/ros2_ws/install/sensor_sim/share/sensor_sim/hook/cmake_prefix_path.ps1'
[0.685s] INFO:colcon.colcon_core.shell:Creating environment descriptor '/home/bryan_wsl/projects/ros2_ws/install/sensor_sim/share/sensor_sim/hook/cmake_prefix_path.dsv'
[0.685s] INFO:colcon.colcon_core.shell:Creating environment hook '/home/bryan_wsl/projects/ros2_ws/install/sensor_sim/share/sensor_sim/hook/cmake_prefix_path.sh'
[0.686s] Level 1:colcon.colcon_core.environment:checking '/home/bryan_wsl/projects/ros2_ws/install/sensor_sim/lib'
[0.686s] Level 1:colcon.colcon_core.environment:checking '/home/bryan_wsl/projects/ros2_ws/install/sensor_sim/bin'
[0.686s] Level 1:colcon.colcon_core.environment:checking '/home/bryan_wsl/projects/ros2_ws/install/sensor_sim/lib/pkgconfig/sensor_sim.pc'
[0.686s] Level 1:colcon.colcon_core.environment:checking '/home/bryan_wsl/projects/ros2_ws/install/sensor_sim/lib/python3.10/site-packages'
[0.686s] Level 1:colcon.colcon_core.environment:checking '/home/bryan_wsl/projects/ros2_ws/install/sensor_sim/bin'
[0.686s] INFO:colcon.colcon_core.shell:Creating package script '/home/bryan_wsl/projects/ros2_ws/install/sensor_sim/share/sensor_sim/package.ps1'
[0.686s] INFO:colcon.colcon_core.shell:Creating package descriptor '/home/bryan_wsl/projects/ros2_ws/install/sensor_sim/share/sensor_sim/package.dsv'
[0.687s] INFO:colcon.colcon_core.shell:Creating package script '/home/bryan_wsl/projects/ros2_ws/install/sensor_sim/share/sensor_sim/package.sh'
[0.687s] INFO:colcon.colcon_core.shell:Creating package script '/home/bryan_wsl/projects/ros2_ws/install/sensor_sim/share/sensor_sim/package.bash'
[0.687s] INFO:colcon.colcon_core.shell:Creating package script '/home/bryan_wsl/projects/ros2_ws/install/sensor_sim/share/sensor_sim/package.zsh'
[0.687s] Level 1:colcon.colcon_core.environment:create_file_with_runtime_dependencies(/home/bryan_wsl/projects/ros2_ws/install/sensor_sim/share/colcon-core/packages/sensor_sim)
[0.687s] Level 1:colcon.colcon_core.environment:create_environment_scripts_only(sensor_sim)
[0.687s] Level 1:colcon.colcon_core.environment:checking '/home/bryan_wsl/projects/ros2_ws/install/sensor_sim' for CMake module files
[0.688s] Level 1:colcon.colcon_core.environment:checking '/home/bryan_wsl/projects/ros2_ws/install/sensor_sim' for CMake config files
[0.688s] Level 1:colcon.colcon_core.shell:create_environment_hook('sensor_sim', 'cmake_prefix_path')
[0.688s] INFO:colcon.colcon_core.shell:Creating environment hook '/home/bryan_wsl/projects/ros2_ws/install/sensor_sim/share/sensor_sim/hook/cmake_prefix_path.ps1'
[0.688s] INFO:colcon.colcon_core.shell:Creating environment descriptor '/home/bryan_wsl/projects/ros2_ws/install/sensor_sim/share/sensor_sim/hook/cmake_prefix_path.dsv'
[0.688s] INFO:colcon.colcon_core.shell:Creating environment hook '/home/bryan_wsl/projects/ros2_ws/install/sensor_sim/share/sensor_sim/hook/cmake_prefix_path.sh'
[0.688s] Level 1:colcon.colcon_core.environment:checking '/home/bryan_wsl/projects/ros2_ws/install/sensor_sim/lib'
[0.688s] Level 1:colcon.colcon_core.environment:checking '/home/bryan_wsl/projects/ros2_ws/install/sensor_sim/bin'
[0.688s] Level 1:colcon.colcon_core.environment:checking '/home/bryan_wsl/projects/ros2_ws/install/sensor_sim/lib/pkgconfig/sensor_sim.pc'
[0.689s] Level 1:colcon.colcon_core.environment:checking '/home/bryan_wsl/projects/ros2_ws/install/sensor_sim/lib/python3.10/site-packages'
[0.689s] Level 1:colcon.colcon_core.environment:checking '/home/bryan_wsl/projects/ros2_ws/install/sensor_sim/bin'
[0.689s] INFO:colcon.colcon_core.shell:Creating package script '/home/bryan_wsl/projects/ros2_ws/install/sensor_sim/share/sensor_sim/package.ps1'
[0.689s] INFO:colcon.colcon_core.shell:Creating package descriptor '/home/bryan_wsl/projects/ros2_ws/install/sensor_sim/share/sensor_sim/package.dsv'
[0.689s] INFO:colcon.colcon_core.shell:Creating package script '/home/bryan_wsl/projects/ros2_ws/install/sensor_sim/share/sensor_sim/package.sh'
[0.689s] INFO:colcon.colcon_core.shell:Creating package script '/home/bryan_wsl/projects/ros2_ws/install/sensor_sim/share/sensor_sim/package.bash'
[0.690s] INFO:colcon.colcon_core.shell:Creating package script '/home/bryan_wsl/projects/ros2_ws/install/sensor_sim/share/sensor_sim/package.zsh'
[0.690s] Level 1:colcon.colcon_core.environment:create_file_with_runtime_dependencies(/home/bryan_wsl/projects/ros2_ws/install/sensor_sim/share/colcon-core/packages/sensor_sim)
[0.690s] Level 1:colcon.colcon_core.environment:create_environment_scripts_only(controller_core)
[0.690s] Level 1:colcon.colcon_core.environment:checking '/home/bryan_wsl/projects/ros2_ws/install/controller_core' for CMake module files
[0.691s] Level 1:colcon.colcon_core.environment:checking '/home/bryan_wsl/projects/ros2_ws/install/controller_core' for CMake config files
[0.692s] DEBUG:colcon.colcon_core.event_handler.log_command:Invoked command in '/home/bryan_wsl/projects/ros2_ws/build/controller_core' returned '0': CMAKE_PREFIX_PATH=/opt/ros/humble /usr/bin/cmake --install /home/bryan_wsl/projects/ros2_ws/build/controller_core
[0.692s] Level 1:colcon.colcon_core.shell:create_environment_hook('controller_core', 'cmake_prefix_path')
[0.692s] INFO:colcon.colcon_core.shell:Creating environment hook '/home/bryan_wsl/projects/ros2_ws/install/controller_core/share/controller_core/hook/cmake_prefix_path.ps1'
[0.692s] INFO:colcon.colcon_core.shell:Creating environment descriptor '/home/bryan_wsl/projects/ros2_ws/install/controller_core/share/controller_core/hook/cmake_prefix_path.dsv'
[0.692s] INFO:colcon.colcon_core.shell:Creating environment hook '/home/bryan_wsl/projects/ros2_ws/install/controller_core/share/controller_core/hook/cmake_prefix_path.sh'
[0.693s] Level 1:colcon.colcon_core.environment:checking '/home/bryan_wsl/projects/ros2_ws/install/controller_core/lib'
[0.693s] Level 1:colcon.colcon_core.environment:checking '/home/bryan_wsl/projects/ros2_ws/install/controller_core/bin'
[0.693s] Level 1:colcon.colcon_core.environment:checking '/home/bryan_wsl/projects/ros2_ws/install/controller_core/lib/pkgconfig/controller_core.pc'
[0.693s] Level 1:colcon.colcon_core.environment:checking '/home/bryan_wsl/projects/ros2_ws/install/controller_core/lib/python3.10/site-packages'
[0.693s] Level 1:colcon.colcon_core.environment:checking '/home/bryan_wsl/projects/ros2_ws/install/controller_core/bin'
[0.693s] INFO:colcon.colcon_core.shell:Creating package script '/home/bryan_wsl/projects/ros2_ws/install/controller_core/share/controller_core/package.ps1'
[0.693s] INFO:colcon.colcon_core.shell:Creating package descriptor '/home/bryan_wsl/projects/ros2_ws/install/controller_core/share/controller_core/package.dsv'
[0.693s] INFO:colcon.colcon_core.shell:Creating package script '/home/bryan_wsl/projects/ros2_ws/install/controller_core/share/controller_core/package.sh'
[0.694s] INFO:colcon.colcon_core.shell:Creating package script '/home/bryan_wsl/projects/ros2_ws/install/controller_core/share/controller_core/package.bash'
[0.694s] INFO:colcon.colcon_core.shell:Creating package script '/home/bryan_wsl/projects/ros2_ws/install/controller_core/share/controller_core/package.zsh'
[0.694s] Level 1:colcon.colcon_core.environment:create_file_with_runtime_dependencies(/home/bryan_wsl/projects/ros2_ws/install/controller_core/share/colcon-core/packages/controller_core)
[0.694s] Level 1:colcon.colcon_core.environment:create_environment_scripts_only(controller_core)
[0.694s] Level 1:colcon.colcon_core.environment:checking '/home/bryan_wsl/projects/ros2_ws/install/controller_core' for CMake module files
[0.695s] Level 1:colcon.colcon_core.environment:checking '/home/bryan_wsl/projects/ros2_ws/install/controller_core' for CMake config files
[0.695s] Level 1:colcon.colcon_core.shell:create_environment_hook('controller_core', 'cmake_prefix_path')
[0.695s] INFO:colcon.colcon_core.shell:Creating environment hook '/home/bryan_wsl/projects/ros2_ws/install/controller_core/share/controller_core/hook/cmake_prefix_path.ps1'
[0.695s] INFO:colcon.colcon_core.shell:Creating environment descriptor '/home/bryan_wsl/projects/ros2_ws/install/controller_core/share/controller_core/hook/cmake_prefix_path.dsv'
[0.695s] INFO:colcon.colcon_core.shell:Creating environment hook '/home/bryan_wsl/projects/ros2_ws/install/controller_core/share/controller_core/hook/cmake_prefix_path.sh'
[0.695s] Level 1:colcon.colcon_core.environment:checking '/home/bryan_wsl/projects/ros2_ws/install/controller_core/lib'
[0.696s] Level 1:colcon.colcon_core.environment:checking '/home/bryan_wsl/projects/ros2_ws/install/controller_core/bin'
[0.696s] Level 1:colcon.colcon_core.environment:checking '/home/bryan_wsl/projects/ros2_ws/install/controller_core/lib/pkgconfig/controller_core.pc'
[0.696s] Level 1:colcon.colcon_core.environment:checking '/home/bryan_wsl/projects/ros2_ws/install/controller_core/lib/python3.10/site-packages'
[0.696s] Level 1:colcon.colcon_core.environment:checking '/home/bryan_wsl/projects/ros2_ws/install/controller_core/bin'
[0.696s] INFO:colcon.colcon_core.shell:Creating package script '/home/bryan_wsl/projects/ros2_ws/install/controller_core/share/controller_core/package.ps1'
[0.696s] INFO:colcon.colcon_core.shell:Creating package descriptor '/home/bryan_wsl/projects/ros2_ws/install/controller_core/share/controller_core/package.dsv'
[0.696s] INFO:colcon.colcon_core.shell:Creating package script '/home/bryan_wsl/projects/ros2_ws/install/controller_core/share/controller_core/package.sh'
[0.697s] INFO:colcon.colcon_core.shell:Creating package script '/home/bryan_wsl/projects/ros2_ws/install/controller_core/share/controller_core/package.bash'
[0.697s] INFO:colcon.colcon_core.shell:Creating package script '/home/bryan_wsl/projects/ros2_ws/install/controller_core/share/controller_core/package.zsh'
[0.697s] Level 1:colcon.colcon_core.environment:create_file_with_runtime_dependencies(/home/bryan_wsl/projects/ros2_ws/install/controller_core/share/colcon-core/packages/controller_core)
[0.698s] Level 1:colcon.colcon_core.environment:create_environment_scripts_only(path_planner)
[0.698s] Level 1:colcon.colcon_core.environment:checking '/home/bryan_wsl/projects/ros2_ws/install/path_planner' for CMake module files
[0.699s] DEBUG:colcon.colcon_core.event_handler.log_command:Invoked command in '/home/bryan_wsl/projects/ros2_ws/build/path_planner' returned '0': CMAKE_PREFIX_PATH=/opt/ros/humble /usr/bin/cmake --install /home/bryan_wsl/projects/ros2_ws/build/path_planner
[0.699s] Level 1:colcon.colcon_core.environment:checking '/home/bryan_wsl/projects/ros2_ws/install/path_planner' for CMake config files
[0.699s] Level 1:colcon.colcon_core.shell:create_environment_hook('path_planner', 'cmake_prefix_path')
[0.699s] INFO:colcon.colcon_core.shell:Creating environment hook '/home/bryan_wsl/projects/ros2_ws/install/path_planner/share/path_planner/hook/cmake_prefix_path.ps1'
[0.700s] INFO:colcon.colcon_core.shell:Creating environment descriptor '/home/bryan_wsl/projects/ros2_ws/install/path_planner/share/path_planner/hook/cmake_prefix_path.dsv'
[0.700s] INFO:colcon.colcon_core.shell:Creating environment hook '/home/bryan_wsl/projects/ros2_ws/install/path_planner/share/path_planner/hook/cmake_prefix_path.sh'
[0.700s] Level 1:colcon.colcon_core.environment:checking '/home/bryan_wsl/projects/ros2_ws/install/path_planner/lib'
[0.700s] Level 1:colcon.colcon_core.environment:checking '/home/bryan_wsl/projects/ros2_ws/install/path_planner/bin'
[0.700s] Level 1:colcon.colcon_core.environment:checking '/home/bryan_wsl/projects/ros2_ws/install/path_planner/lib/pkgconfig/path_planner.pc'
[0.700s] Level 1:colcon.colcon_core.environment:checking '/home/bryan_wsl/projects/ros2_ws/install/path_planner/lib/python3.10/site-packages'
[0.700s] Level 1:colcon.colcon_core.environment:checking '/home/bryan_wsl/projects/ros2_ws/install/path_planner/bin'
[0.701s] INFO:colcon.colcon_core.shell:Creating package script '/home/bryan_wsl/projects/ros2_ws/install/path_planner/share/path_planner/package.ps1'
[0.701s] INFO:colcon.colcon_core.shell:Creating package descriptor '/home/bryan_wsl/projects/ros2_ws/install/path_planner/share/path_planner/package.dsv'
[0.701s] INFO:colcon.colcon_core.shell:Creating package script '/home/bryan_wsl/projects/ros2_ws/install/path_planner/share/path_planner/package.sh'
[0.701s] INFO:colcon.colcon_core.shell:Creating package script '/home/bryan_wsl/projects/ros2_ws/install/path_planner/share/path_planner/package.bash'
[0.701s] INFO:colcon.colcon_core.shell:Creating package script '/home/bryan_wsl/projects/ros2_ws/install/path_planner/share/path_planner/package.zsh'
[0.702s] Level 1:colcon.colcon_core.environment:create_file_with_runtime_dependencies(/home/bryan_wsl/projects/ros2_ws/install/path_planner/share/colcon-core/packages/path_planner)
[0.702s] Level 1:colcon.colcon_core.environment:create_environment_scripts_only(path_planner)
[0.702s] Level 1:colcon.colcon_core.environment:checking '/home/bryan_wsl/projects/ros2_ws/install/path_planner' for CMake module files
[0.702s] Level 1:colcon.colcon_core.environment:checking '/home/bryan_wsl/projects/ros2_ws/install/path_planner' for CMake config files
[0.702s] Level 1:colcon.colcon_core.shell:create_environment_hook('path_planner', 'cmake_prefix_path')
[0.703s] INFO:colcon.colcon_core.shell:Creating environment hook '/home/bryan_wsl/projects/ros2_ws/install/path_planner/share/path_planner/hook/cmake_prefix_path.ps1'
[0.703s] INFO:colcon.colcon_core.shell:Creating environment descriptor '/home/bryan_wsl/projects/ros2_ws/install/path_planner/share/path_planner/hook/cmake_prefix_path.dsv'
[0.703s] INFO:colcon.colcon_core.shell:Creating environment hook '/home/bryan_wsl/projects/ros2_ws/install/path_planner/share/path_planner/hook/cmake_prefix_path.sh'
[0.704s] Level 1:colcon.colcon_core.environment:checking '/home/bryan_wsl/projects/ros2_ws/install/path_planner/lib'
[0.704s] Level 1:colcon.colcon_core.environment:checking '/home/bryan_wsl/projects/ros2_ws/install/path_planner/bin'
[0.704s] Level 1:colcon.colcon_core.environment:checking '/home/bryan_wsl/projects/ros2_ws/install/path_planner/lib/pkgconfig/path_planner.pc'
[0.704s] Level 1:colcon.colcon_core.environment:checking '/home/bryan_wsl/projects/ros2_ws/install/path_planner/lib/python3.10/site-packages'
[0.704s] Level 1:colcon.colcon_core.environment:checking '/home/bryan_wsl/projects/ros2_ws/install/path_planner/bin'
[0.704s] INFO:colcon.colcon_core.shell:Creating package script '/home/bryan_wsl/projects/ros2_ws/install/path_planner/share/path_planner/package.ps1'
[0.704s] INFO:colcon.colcon_core.shell:Creating package descriptor '/home/bryan_wsl/projects/ros2_ws/install/path_planner/share/path_planner/package.dsv'
[0.705s] INFO:colcon.colcon_core.shell:Creating package script '/home/bryan_wsl/projects/ros2_ws/install/path_planner/share/path_planner/package.sh'
[0.705s] INFO:colcon.colcon_core.shell:Creating package script '/home/bryan_wsl/projects/ros2_ws/install/path_planner/share/path_planner/package.bash'
[0.705s] INFO:colcon.colcon_core.shell:Creating package script '/home/bryan_wsl/projects/ros2_ws/install/path_planner/share/path_planner/package.zsh'
[0.705s] Level 1:colcon.colcon_core.environment:create_file_with_runtime_dependencies(/home/bryan_wsl/projects/ros2_ws/install/path_planner/share/colcon-core/packages/path_planner)
[0.705s] DEBUG:colcon.colcon_parallel_executor.executor.parallel:closing loop
[0.705s] DEBUG:colcon.colcon_parallel_executor.executor.parallel:loop closed
[0.706s] DEBUG:colcon.colcon_parallel_executor.executor.parallel:run_until_complete finished with '0'
[0.706s] DEBUG:colcon.colcon_core.event_reactor:joining thread
[0.754s] INFO:colcon.colcon_core.plugin_system:Skipping extension 'colcon_notification.desktop_notification.notify_send': Could not find 'notify-send'
[0.754s] INFO:colcon.colcon_core.plugin_system:Skipping extension 'colcon_notification.desktop_notification.terminal_notifier': Not used on non-Darwin systems
[0.754s] INFO:colcon.colcon_core.plugin_system:Skipping extension 'colcon_notification.desktop_notification.win32': Not used on non-Windows systems
[0.754s] INFO:colcon.colcon_notification.desktop_notification:Sending desktop notification using 'notify2'
[0.754s] DEBUG:colcon.colcon_notification.desktop_notification.notify2:Failed to initialize notify2: org.freedesktop.DBus.Error.FileNotFound: Failed to connect to socket /run/user/1000/bus: No such file or directory
[0.754s] DEBUG:colcon.colcon_core.event_reactor:joined thread
[0.755s] INFO:colcon.colcon_core.shell:Creating prefix script '/home/bryan_wsl/projects/ros2_ws/install/local_setup.ps1'
[0.755s] INFO:colcon.colcon_core.shell:Creating prefix util module '/home/bryan_wsl/projects/ros2_ws/install/_local_setup_util_ps1.py'
[0.756s] INFO:colcon.colcon_core.shell:Creating prefix chain script '/home/bryan_wsl/projects/ros2_ws/install/setup.ps1'
[0.757s] INFO:colcon.colcon_core.shell:Creating prefix script '/home/bryan_wsl/projects/ros2_ws/install/local_setup.sh'
[0.757s] INFO:colcon.colcon_core.shell:Creating prefix util module '/home/bryan_wsl/projects/ros2_ws/install/_local_setup_util_sh.py'
[0.758s] INFO:colcon.colcon_core.shell:Creating prefix chain script '/home/bryan_wsl/projects/ros2_ws/install/setup.sh'
[0.759s] INFO:colcon.colcon_core.shell:Creating prefix script '/home/bryan_wsl/projects/ros2_ws/install/local_setup.bash'
[0.759s] INFO:colcon.colcon_core.shell:Creating prefix chain script '/home/bryan_wsl/projects/ros2_ws/install/setup.bash'
[0.760s] INFO:colcon.colcon_core.shell:Creating prefix script '/home/bryan_wsl/projects/ros2_ws/install/local_setup.zsh'
[0.760s] INFO:colcon.colcon_core.shell:Creating prefix chain script '/home/bryan_wsl/projects/ros2_ws/install/setup.zsh'
