[0.018s] Invoking command in '/home/bryan_wsl/projects/ros2_ws/build/sensor_fusion_core': CMAKE_PREFIX_PATH=/opt/ros/humble /usr/bin/cmake /home/bryan_wsl/projects/ros2_ws/src/sensor_fusion_core -DCMAKE_INSTALL_PREFIX=/home/bryan_wsl/projects/ros2_ws/install/sensor_fusion_core
[0.214s] -- The C compiler identification is GNU 11.4.0
[0.681s] -- The CXX compiler identification is GNU 11.4.0
[0.952s] -- Detecting C compiler ABI info
[1.082s] -- Detecting C compiler ABI info - done
[1.087s] -- Check for working C compiler: /usr/bin/cc - skipped
[1.087s] -- Detecting C compile features
[1.087s] -- Detecting C compile features - done
[1.089s] -- Detecting CXX compiler ABI info
[1.195s] -- Detecting CXX compiler ABI info - done
[1.199s] -- Check for working CXX compiler: /usr/bin/c++ - skipped
[1.199s] -- Detecting CXX compile features
[1.201s] -- Detecting CXX compile features - done
[1.201s] -- Found ament_cmake: 1.3.11 (/opt/ros/humble/share/ament_cmake/cmake)
[1.290s] -- Found Python3: /usr/bin/python3 (found version "3.10.12") found components: Interpreter 
[1.357s] -- Found rclcpp: 16.0.12 (/opt/ros/humble/share/rclcpp/cmake)
[1.514s] -- Found rosidl_generator_c: 3.1.6 (/opt/ros/humble/share/rosidl_generator_c/cmake)
[1.519s] -- Found rosidl_adapter: 3.1.6 (/opt/ros/humble/share/rosidl_adapter/cmake)
[1.528s] -- Found rosidl_generator_cpp: 3.1.6 (/opt/ros/humble/share/rosidl_generator_cpp/cmake)
[1.543s] -- Using all available rosidl_typesupport_c: rosidl_typesupport_fastrtps_c;rosidl_typesupport_introspection_c
[1.559s] -- Using all available rosidl_typesupport_cpp: rosidl_typesupport_fastrtps_cpp;rosidl_typesupport_introspection_cpp
[1.606s] -- Found rmw_implementation_cmake: 6.1.2 (/opt/ros/humble/share/rmw_implementation_cmake/cmake)
[1.609s] -- Found rmw_fastrtps_cpp: 6.2.7 (/opt/ros/humble/share/rmw_fastrtps_cpp/cmake)
[2.185s] -- Found OpenSSL: /usr/lib/x86_64-linux-gnu/libcrypto.so (found version "3.0.2")  
[2.975s] -- Found FastRTPS: /opt/ros/humble/include  
[5.496s] -- Using RMW implementation 'rmw_fastrtps_cpp' as default
[5.500s] -- Looking for pthread.h
[5.599s] -- Looking for pthread.h - found
[5.600s] -- Performing Test CMAKE_HAVE_LIBC_PTHREAD
[5.728s] -- Performing Test CMAKE_HAVE_LIBC_PTHREAD - Success
[5.728s] -- Found Threads: TRUE  
[5.759s] -- Found sensor_msgs: 4.8.0 (/opt/ros/humble/share/sensor_msgs/cmake)
[5.780s] -- Found ament_lint_auto: 0.12.12 (/opt/ros/humble/share/ament_lint_auto/cmake)
[5.831s] -- Added test 'cppcheck' to perform static code analysis on C / C++ code
[5.831s] -- Configured cppcheck include dirs: 
[5.831s] -- Configured cppcheck exclude dirs and/or files: 
[5.831s] -- Added test 'lint_cmake' to check CMake code style
[5.832s] -- Added test 'uncrustify' to check C / C++ code style
[5.832s] -- Configured uncrustify additional arguments: 
[5.832s] -- Added test 'xmllint' to check XML markup files
[5.833s] -- Configuring done
[5.839s] -- Generating done
[5.842s] -- Build files have been written to: /home/bryan_wsl/projects/ros2_ws/build/sensor_fusion_core
[5.848s] Invoked command in '/home/bryan_wsl/projects/ros2_ws/build/sensor_fusion_core' returned '0': CMAKE_PREFIX_PATH=/opt/ros/humble /usr/bin/cmake /home/bryan_wsl/projects/ros2_ws/src/sensor_fusion_core -DCMAKE_INSTALL_PREFIX=/home/bryan_wsl/projects/ros2_ws/install/sensor_fusion_core
[5.850s] Invoking command in '/home/bryan_wsl/projects/ros2_ws/build/sensor_fusion_core': CMAKE_PREFIX_PATH=/opt/ros/humble /usr/bin/cmake --build /home/bryan_wsl/projects/ros2_ws/build/sensor_fusion_core -- -j20 -l20
[5.876s] [ 50%] [32mBuilding CXX object CMakeFiles/sensor_fusion_core.dir/src/sensor_fusion_core.cpp.o[0m
[12.891s] [100%] [32m[1mLinking CXX executable sensor_fusion_core[0m
[13.256s] [100%] Built target sensor_fusion_core
[13.268s] Invoked command in '/home/bryan_wsl/projects/ros2_ws/build/sensor_fusion_core' returned '0': CMAKE_PREFIX_PATH=/opt/ros/humble /usr/bin/cmake --build /home/bryan_wsl/projects/ros2_ws/build/sensor_fusion_core -- -j20 -l20
[13.270s] Invoking command in '/home/bryan_wsl/projects/ros2_ws/build/sensor_fusion_core': CMAKE_PREFIX_PATH=/opt/ros/humble /usr/bin/cmake --install /home/bryan_wsl/projects/ros2_ws/build/sensor_fusion_core
[13.273s] -- Install configuration: ""
[13.273s] -- Installing: /home/bryan_wsl/projects/ros2_ws/install/sensor_fusion_core/lib/sensor_fusion_core/sensor_fusion_core
[13.276s] -- Set runtime path of "/home/bryan_wsl/projects/ros2_ws/install/sensor_fusion_core/lib/sensor_fusion_core/sensor_fusion_core" to ""
[13.276s] -- Installing: /home/bryan_wsl/projects/ros2_ws/install/sensor_fusion_core/share/ament_index/resource_index/package_run_dependencies/sensor_fusion_core
[13.276s] -- Installing: /home/bryan_wsl/projects/ros2_ws/install/sensor_fusion_core/share/ament_index/resource_index/parent_prefix_path/sensor_fusion_core
[13.276s] -- Installing: /home/bryan_wsl/projects/ros2_ws/install/sensor_fusion_core/share/sensor_fusion_core/environment/ament_prefix_path.sh
[13.277s] -- Installing: /home/bryan_wsl/projects/ros2_ws/install/sensor_fusion_core/share/sensor_fusion_core/environment/ament_prefix_path.dsv
[13.277s] -- Installing: /home/bryan_wsl/projects/ros2_ws/install/sensor_fusion_core/share/sensor_fusion_core/environment/path.sh
[13.277s] -- Installing: /home/bryan_wsl/projects/ros2_ws/install/sensor_fusion_core/share/sensor_fusion_core/environment/path.dsv
[13.277s] -- Installing: /home/bryan_wsl/projects/ros2_ws/install/sensor_fusion_core/share/sensor_fusion_core/local_setup.bash
[13.277s] -- Installing: /home/bryan_wsl/projects/ros2_ws/install/sensor_fusion_core/share/sensor_fusion_core/local_setup.sh
[13.277s] -- Installing: /home/bryan_wsl/projects/ros2_ws/install/sensor_fusion_core/share/sensor_fusion_core/local_setup.zsh
[13.277s] -- Installing: /home/bryan_wsl/projects/ros2_ws/install/sensor_fusion_core/share/sensor_fusion_core/local_setup.dsv
[13.277s] -- Installing: /home/bryan_wsl/projects/ros2_ws/install/sensor_fusion_core/share/sensor_fusion_core/package.dsv
[13.277s] -- Installing: /home/bryan_wsl/projects/ros2_ws/install/sensor_fusion_core/share/ament_index/resource_index/packages/sensor_fusion_core
[13.277s] -- Installing: /home/bryan_wsl/projects/ros2_ws/install/sensor_fusion_core/share/sensor_fusion_core/cmake/sensor_fusion_coreConfig.cmake
[13.277s] -- Installing: /home/bryan_wsl/projects/ros2_ws/install/sensor_fusion_core/share/sensor_fusion_core/cmake/sensor_fusion_coreConfig-version.cmake
[13.277s] -- Installing: /home/bryan_wsl/projects/ros2_ws/install/sensor_fusion_core/share/sensor_fusion_core/package.xml
[13.278s] Invoked command in '/home/bryan_wsl/projects/ros2_ws/build/sensor_fusion_core' returned '0': CMAKE_PREFIX_PATH=/opt/ros/humble /usr/bin/cmake --install /home/bryan_wsl/projects/ros2_ws/build/sensor_fusion_core
