[0.168s] DEBUG:colcon:Command line arguments: ['/usr/bin/colcon', 'build', '--packages-select', 'sensor_sim', 'sensor_fusion_core', 'path_planner', 'controller_core']
[0.168s] DEBUG:colcon:Parsed command line arguments: Namespace(log_base=None, log_level=None, verb_name='build', build_base='build', install_base='install', merge_install=False, symlink_install=False, test_result_base=None, continue_on_error=False, executor='parallel', parallel_workers=20, event_handlers=None, ignore_user_meta=False, metas=['./colcon.meta'], base_paths=['.'], packages_ignore=None, packages_ignore_regex=None, paths=None, packages_up_to=None, packages_up_to_regex=None, packages_above=None, packages_above_and_dependencies=None, packages_above_depth=None, packages_select_by_dep=None, packages_skip_by_dep=None, packages_skip_up_to=None, packages_select_build_failed=False, packages_skip_build_finished=False, packages_select_test_failures=False, packages_skip_test_passed=False, packages_select=['sensor_sim', 'sensor_fusion_core', 'path_planner', 'controller_core'], packages_skip=None, packages_select_regex=None, packages_skip_regex=None, packages_start=None, packages_end=None, allow_overriding=[], cmake_args=None, cmake_target=None, cmake_target_skip_unavailable=False, cmake_clean_cache=False, cmake_clean_first=False, cmake_force_configure=False, ament_cmake_args=None, catkin_cmake_args=None, catkin_skip_building_tests=False, mixin_files=None, mixin=None, verb_parser=<colcon_mixin.mixin.mixin_argument.MixinArgumentDecorator object at 0x7f5f2407d2a0>, verb_extension=<colcon_core.verb.build.BuildVerb object at 0x7f5f2407cdf0>, main=<bound method BuildVerb.main of <colcon_core.verb.build.BuildVerb object at 0x7f5f2407cdf0>>, mixin_verb=('build',))
[0.396s] Level 1:colcon.colcon_core.package_discovery:discover_packages(colcon_meta) check parameters
[0.396s] Level 1:colcon.colcon_core.package_discovery:discover_packages(recursive) check parameters
[0.396s] Level 1:colcon.colcon_core.package_discovery:discover_packages(ignore) check parameters
[0.396s] Level 1:colcon.colcon_core.package_discovery:discover_packages(path) check parameters
[0.396s] Level 1:colcon.colcon_core.package_discovery:discover_packages(colcon_meta) discover
[0.396s] Level 1:colcon.colcon_core.package_discovery:discover_packages(recursive) discover
[0.396s] INFO:colcon.colcon_core.package_discovery:Crawling recursively for packages in '/home/bryan_wsl/projects/ros2_ws'
[0.396s] Level 1:colcon.colcon_core.package_identification:_identify(.) by extensions ['ignore', 'ignore_ament_install']
[0.396s] Level 1:colcon.colcon_core.package_identification:_identify(.) by extension 'ignore'
[0.396s] Level 1:colcon.colcon_core.package_identification:_identify(.) by extension 'ignore_ament_install'
[0.396s] Level 1:colcon.colcon_core.package_identification:_identify(.) by extensions ['colcon_pkg']
[0.397s] Level 1:colcon.colcon_core.package_identification:_identify(.) by extension 'colcon_pkg'
[0.397s] Level 1:colcon.colcon_core.package_identification:_identify(.) by extensions ['colcon_meta']
[0.397s] Level 1:colcon.colcon_core.package_identification:_identify(.) by extension 'colcon_meta'
[0.397s] Level 1:colcon.colcon_core.package_identification:_identify(.) by extensions ['ros']
[0.397s] Level 1:colcon.colcon_core.package_identification:_identify(.) by extension 'ros'
[0.402s] Level 1:colcon.colcon_core.package_identification:_identify(.) by extensions ['cmake', 'python']
[0.402s] Level 1:colcon.colcon_core.package_identification:_identify(.) by extension 'cmake'
[0.402s] Level 1:colcon.colcon_core.package_identification:_identify(.) by extension 'python'
[0.402s] Level 1:colcon.colcon_core.package_identification:_identify(.) by extensions ['python_setup_py']
[0.402s] Level 1:colcon.colcon_core.package_identification:_identify(.) by extension 'python_setup_py'
[0.403s] Level 1:colcon.colcon_core.package_identification:_identify(build) by extensions ['ignore', 'ignore_ament_install']
[0.403s] Level 1:colcon.colcon_core.package_identification:_identify(build) by extension 'ignore'
[0.403s] Level 1:colcon.colcon_core.package_identification:_identify(build) ignored
[0.403s] Level 1:colcon.colcon_core.package_identification:_identify(install) by extensions ['ignore', 'ignore_ament_install']
[0.403s] Level 1:colcon.colcon_core.package_identification:_identify(install) by extension 'ignore'
[0.403s] Level 1:colcon.colcon_core.package_identification:_identify(install) ignored
[0.403s] Level 1:colcon.colcon_core.package_identification:_identify(log) by extensions ['ignore', 'ignore_ament_install']
[0.403s] Level 1:colcon.colcon_core.package_identification:_identify(log) by extension 'ignore'
[0.403s] Level 1:colcon.colcon_core.package_identification:_identify(log) ignored
[0.403s] Level 1:colcon.colcon_core.package_identification:_identify(src) by extensions ['ignore', 'ignore_ament_install']
[0.403s] Level 1:colcon.colcon_core.package_identification:_identify(src) by extension 'ignore'
[0.403s] Level 1:colcon.colcon_core.package_identification:_identify(src) by extension 'ignore_ament_install'
[0.403s] Level 1:colcon.colcon_core.package_identification:_identify(src) by extensions ['colcon_pkg']
[0.403s] Level 1:colcon.colcon_core.package_identification:_identify(src) by extension 'colcon_pkg'
[0.403s] Level 1:colcon.colcon_core.package_identification:_identify(src) by extensions ['colcon_meta']
[0.403s] Level 1:colcon.colcon_core.package_identification:_identify(src) by extension 'colcon_meta'
[0.403s] Level 1:colcon.colcon_core.package_identification:_identify(src) by extensions ['ros']
[0.403s] Level 1:colcon.colcon_core.package_identification:_identify(src) by extension 'ros'
[0.403s] Level 1:colcon.colcon_core.package_identification:_identify(src) by extensions ['cmake', 'python']
[0.403s] Level 1:colcon.colcon_core.package_identification:_identify(src) by extension 'cmake'
[0.403s] Level 1:colcon.colcon_core.package_identification:_identify(src) by extension 'python'
[0.404s] Level 1:colcon.colcon_core.package_identification:_identify(src) by extensions ['python_setup_py']
[0.404s] Level 1:colcon.colcon_core.package_identification:_identify(src) by extension 'python_setup_py'
[0.404s] Level 1:colcon.colcon_core.package_identification:_identify(src/controller_core) by extensions ['ignore', 'ignore_ament_install']
[0.404s] Level 1:colcon.colcon_core.package_identification:_identify(src/controller_core) by extension 'ignore'
[0.404s] Level 1:colcon.colcon_core.package_identification:_identify(src/controller_core) by extension 'ignore_ament_install'
[0.404s] Level 1:colcon.colcon_core.package_identification:_identify(src/controller_core) by extensions ['colcon_pkg']
[0.404s] Level 1:colcon.colcon_core.package_identification:_identify(src/controller_core) by extension 'colcon_pkg'
[0.404s] Level 1:colcon.colcon_core.package_identification:_identify(src/controller_core) by extensions ['colcon_meta']
[0.404s] Level 1:colcon.colcon_core.package_identification:_identify(src/controller_core) by extension 'colcon_meta'
[0.404s] Level 1:colcon.colcon_core.package_identification:_identify(src/controller_core) by extensions ['ros']
[0.404s] Level 1:colcon.colcon_core.package_identification:_identify(src/controller_core) by extension 'ros'
[0.408s] DEBUG:colcon.colcon_core.package_identification:Package 'src/controller_core' with type 'ros.ament_cmake' and name 'controller_core'
[0.408s] Level 1:colcon.colcon_core.package_identification:_identify(src/path_planner) by extensions ['ignore', 'ignore_ament_install']
[0.408s] Level 1:colcon.colcon_core.package_identification:_identify(src/path_planner) by extension 'ignore'
[0.408s] Level 1:colcon.colcon_core.package_identification:_identify(src/path_planner) by extension 'ignore_ament_install'
[0.408s] Level 1:colcon.colcon_core.package_identification:_identify(src/path_planner) by extensions ['colcon_pkg']
[0.408s] Level 1:colcon.colcon_core.package_identification:_identify(src/path_planner) by extension 'colcon_pkg'
[0.408s] Level 1:colcon.colcon_core.package_identification:_identify(src/path_planner) by extensions ['colcon_meta']
[0.408s] Level 1:colcon.colcon_core.package_identification:_identify(src/path_planner) by extension 'colcon_meta'
[0.408s] Level 1:colcon.colcon_core.package_identification:_identify(src/path_planner) by extensions ['ros']
[0.408s] Level 1:colcon.colcon_core.package_identification:_identify(src/path_planner) by extension 'ros'
[0.408s] DEBUG:colcon.colcon_core.package_identification:Package 'src/path_planner' with type 'ros.ament_cmake' and name 'path_planner'
[0.408s] Level 1:colcon.colcon_core.package_identification:_identify(src/sensor_fusion_core) by extensions ['ignore', 'ignore_ament_install']
[0.408s] Level 1:colcon.colcon_core.package_identification:_identify(src/sensor_fusion_core) by extension 'ignore'
[0.408s] Level 1:colcon.colcon_core.package_identification:_identify(src/sensor_fusion_core) by extension 'ignore_ament_install'
[0.408s] Level 1:colcon.colcon_core.package_identification:_identify(src/sensor_fusion_core) by extensions ['colcon_pkg']
[0.408s] Level 1:colcon.colcon_core.package_identification:_identify(src/sensor_fusion_core) by extension 'colcon_pkg'
[0.408s] Level 1:colcon.colcon_core.package_identification:_identify(src/sensor_fusion_core) by extensions ['colcon_meta']
[0.408s] Level 1:colcon.colcon_core.package_identification:_identify(src/sensor_fusion_core) by extension 'colcon_meta'
[0.408s] Level 1:colcon.colcon_core.package_identification:_identify(src/sensor_fusion_core) by extensions ['ros']
[0.408s] Level 1:colcon.colcon_core.package_identification:_identify(src/sensor_fusion_core) by extension 'ros'
[0.409s] DEBUG:colcon.colcon_core.package_identification:Package 'src/sensor_fusion_core' with type 'ros.ament_cmake' and name 'sensor_fusion_core'
[0.409s] Level 1:colcon.colcon_core.package_identification:_identify(src/sensor_sim) by extensions ['ignore', 'ignore_ament_install']
[0.409s] Level 1:colcon.colcon_core.package_identification:_identify(src/sensor_sim) by extension 'ignore'
[0.409s] Level 1:colcon.colcon_core.package_identification:_identify(src/sensor_sim) by extension 'ignore_ament_install'
[0.409s] Level 1:colcon.colcon_core.package_identification:_identify(src/sensor_sim) by extensions ['colcon_pkg']
[0.409s] Level 1:colcon.colcon_core.package_identification:_identify(src/sensor_sim) by extension 'colcon_pkg'
[0.409s] Level 1:colcon.colcon_core.package_identification:_identify(src/sensor_sim) by extensions ['colcon_meta']
[0.409s] Level 1:colcon.colcon_core.package_identification:_identify(src/sensor_sim) by extension 'colcon_meta'
[0.409s] Level 1:colcon.colcon_core.package_identification:_identify(src/sensor_sim) by extensions ['ros']
[0.409s] Level 1:colcon.colcon_core.package_identification:_identify(src/sensor_sim) by extension 'ros'
[0.409s] DEBUG:colcon.colcon_core.package_identification:Package 'src/sensor_sim' with type 'ros.ament_cmake' and name 'sensor_sim'
[0.410s] Level 1:colcon.colcon_core.package_discovery:discover_packages(recursive) using defaults
[0.410s] Level 1:colcon.colcon_core.package_discovery:discover_packages(ignore) discover
[0.410s] Level 1:colcon.colcon_core.package_discovery:discover_packages(ignore) using defaults
[0.410s] Level 1:colcon.colcon_core.package_discovery:discover_packages(path) discover
[0.410s] Level 1:colcon.colcon_core.package_discovery:discover_packages(path) using defaults
[0.434s] Level 1:colcon.colcon_core.package_discovery:discover_packages(prefix_path) check parameters
[0.434s] Level 1:colcon.colcon_core.package_discovery:discover_packages(prefix_path) discover
[0.437s] DEBUG:colcon.colcon_installed_package_information.package_discovery:Found 0 installed packages in /home/bryan_wsl/projects/ros2_ws/install
[0.438s] DEBUG:colcon.colcon_installed_package_information.package_discovery:Found 271 installed packages in /opt/ros/humble
[0.439s] Level 1:colcon.colcon_core.package_discovery:discover_packages(prefix_path) using defaults
[0.487s] Level 5:colcon.colcon_core.verb:set package 'controller_core' build argument 'cmake_args' from command line to 'None'
[0.487s] Level 5:colcon.colcon_core.verb:set package 'controller_core' build argument 'cmake_target' from command line to 'None'
[0.487s] Level 5:colcon.colcon_core.verb:set package 'controller_core' build argument 'cmake_target_skip_unavailable' from command line to 'False'
[0.487s] Level 5:colcon.colcon_core.verb:set package 'controller_core' build argument 'cmake_clean_cache' from command line to 'False'
[0.487s] Level 5:colcon.colcon_core.verb:set package 'controller_core' build argument 'cmake_clean_first' from command line to 'False'
[0.487s] Level 5:colcon.colcon_core.verb:set package 'controller_core' build argument 'cmake_force_configure' from command line to 'False'
[0.487s] Level 5:colcon.colcon_core.verb:set package 'controller_core' build argument 'ament_cmake_args' from command line to 'None'
[0.487s] Level 5:colcon.colcon_core.verb:set package 'controller_core' build argument 'catkin_cmake_args' from command line to 'None'
[0.487s] Level 5:colcon.colcon_core.verb:set package 'controller_core' build argument 'catkin_skip_building_tests' from command line to 'False'
[0.487s] DEBUG:colcon.colcon_core.verb:Building package 'controller_core' with the following arguments: {'ament_cmake_args': None, 'build_base': '/home/bryan_wsl/projects/ros2_ws/build/controller_core', 'catkin_cmake_args': None, 'catkin_skip_building_tests': False, 'cmake_args': None, 'cmake_clean_cache': False, 'cmake_clean_first': False, 'cmake_force_configure': False, 'cmake_target': None, 'cmake_target_skip_unavailable': False, 'install_base': '/home/bryan_wsl/projects/ros2_ws/install/controller_core', 'merge_install': False, 'path': '/home/bryan_wsl/projects/ros2_ws/src/controller_core', 'symlink_install': False, 'test_result_base': None}
[0.487s] Level 5:colcon.colcon_core.verb:set package 'path_planner' build argument 'cmake_args' from command line to 'None'
[0.487s] Level 5:colcon.colcon_core.verb:set package 'path_planner' build argument 'cmake_target' from command line to 'None'
[0.487s] Level 5:colcon.colcon_core.verb:set package 'path_planner' build argument 'cmake_target_skip_unavailable' from command line to 'False'
[0.487s] Level 5:colcon.colcon_core.verb:set package 'path_planner' build argument 'cmake_clean_cache' from command line to 'False'
[0.487s] Level 5:colcon.colcon_core.verb:set package 'path_planner' build argument 'cmake_clean_first' from command line to 'False'
[0.487s] Level 5:colcon.colcon_core.verb:set package 'path_planner' build argument 'cmake_force_configure' from command line to 'False'
[0.487s] Level 5:colcon.colcon_core.verb:set package 'path_planner' build argument 'ament_cmake_args' from command line to 'None'
[0.487s] Level 5:colcon.colcon_core.verb:set package 'path_planner' build argument 'catkin_cmake_args' from command line to 'None'
[0.487s] Level 5:colcon.colcon_core.verb:set package 'path_planner' build argument 'catkin_skip_building_tests' from command line to 'False'
[0.487s] DEBUG:colcon.colcon_core.verb:Building package 'path_planner' with the following arguments: {'ament_cmake_args': None, 'build_base': '/home/bryan_wsl/projects/ros2_ws/build/path_planner', 'catkin_cmake_args': None, 'catkin_skip_building_tests': False, 'cmake_args': None, 'cmake_clean_cache': False, 'cmake_clean_first': False, 'cmake_force_configure': False, 'cmake_target': None, 'cmake_target_skip_unavailable': False, 'install_base': '/home/bryan_wsl/projects/ros2_ws/install/path_planner', 'merge_install': False, 'path': '/home/bryan_wsl/projects/ros2_ws/src/path_planner', 'symlink_install': False, 'test_result_base': None}
[0.487s] Level 5:colcon.colcon_core.verb:set package 'sensor_fusion_core' build argument 'cmake_args' from command line to 'None'
[0.487s] Level 5:colcon.colcon_core.verb:set package 'sensor_fusion_core' build argument 'cmake_target' from command line to 'None'
[0.487s] Level 5:colcon.colcon_core.verb:set package 'sensor_fusion_core' build argument 'cmake_target_skip_unavailable' from command line to 'False'
[0.487s] Level 5:colcon.colcon_core.verb:set package 'sensor_fusion_core' build argument 'cmake_clean_cache' from command line to 'False'
[0.487s] Level 5:colcon.colcon_core.verb:set package 'sensor_fusion_core' build argument 'cmake_clean_first' from command line to 'False'
[0.487s] Level 5:colcon.colcon_core.verb:set package 'sensor_fusion_core' build argument 'cmake_force_configure' from command line to 'False'
[0.487s] Level 5:colcon.colcon_core.verb:set package 'sensor_fusion_core' build argument 'ament_cmake_args' from command line to 'None'
[0.487s] Level 5:colcon.colcon_core.verb:set package 'sensor_fusion_core' build argument 'catkin_cmake_args' from command line to 'None'
[0.487s] Level 5:colcon.colcon_core.verb:set package 'sensor_fusion_core' build argument 'catkin_skip_building_tests' from command line to 'False'
[0.487s] DEBUG:colcon.colcon_core.verb:Building package 'sensor_fusion_core' with the following arguments: {'ament_cmake_args': None, 'build_base': '/home/bryan_wsl/projects/ros2_ws/build/sensor_fusion_core', 'catkin_cmake_args': None, 'catkin_skip_building_tests': False, 'cmake_args': None, 'cmake_clean_cache': False, 'cmake_clean_first': False, 'cmake_force_configure': False, 'cmake_target': None, 'cmake_target_skip_unavailable': False, 'install_base': '/home/bryan_wsl/projects/ros2_ws/install/sensor_fusion_core', 'merge_install': False, 'path': '/home/bryan_wsl/projects/ros2_ws/src/sensor_fusion_core', 'symlink_install': False, 'test_result_base': None}
[0.488s] Level 5:colcon.colcon_core.verb:set package 'sensor_sim' build argument 'cmake_args' from command line to 'None'
[0.488s] Level 5:colcon.colcon_core.verb:set package 'sensor_sim' build argument 'cmake_target' from command line to 'None'
[0.488s] Level 5:colcon.colcon_core.verb:set package 'sensor_sim' build argument 'cmake_target_skip_unavailable' from command line to 'False'
[0.488s] Level 5:colcon.colcon_core.verb:set package 'sensor_sim' build argument 'cmake_clean_cache' from command line to 'False'
[0.488s] Level 5:colcon.colcon_core.verb:set package 'sensor_sim' build argument 'cmake_clean_first' from command line to 'False'
[0.488s] Level 5:colcon.colcon_core.verb:set package 'sensor_sim' build argument 'cmake_force_configure' from command line to 'False'
[0.488s] Level 5:colcon.colcon_core.verb:set package 'sensor_sim' build argument 'ament_cmake_args' from command line to 'None'
[0.488s] Level 5:colcon.colcon_core.verb:set package 'sensor_sim' build argument 'catkin_cmake_args' from command line to 'None'
[0.488s] Level 5:colcon.colcon_core.verb:set package 'sensor_sim' build argument 'catkin_skip_building_tests' from command line to 'False'
[0.488s] DEBUG:colcon.colcon_core.verb:Building package 'sensor_sim' with the following arguments: {'ament_cmake_args': None, 'build_base': '/home/bryan_wsl/projects/ros2_ws/build/sensor_sim', 'catkin_cmake_args': None, 'catkin_skip_building_tests': False, 'cmake_args': None, 'cmake_clean_cache': False, 'cmake_clean_first': False, 'cmake_force_configure': False, 'cmake_target': None, 'cmake_target_skip_unavailable': False, 'install_base': '/home/bryan_wsl/projects/ros2_ws/install/sensor_sim', 'merge_install': False, 'path': '/home/bryan_wsl/projects/ros2_ws/src/sensor_sim', 'symlink_install': False, 'test_result_base': None}
[0.488s] INFO:colcon.colcon_core.executor:Executing jobs using 'parallel' executor
[0.488s] DEBUG:colcon.colcon_parallel_executor.executor.parallel:run_until_complete
[0.489s] INFO:colcon.colcon_ros.task.ament_cmake.build:Building ROS package in '/home/bryan_wsl/projects/ros2_ws/src/controller_core' with build type 'ament_cmake'
[0.489s] INFO:colcon.colcon_cmake.task.cmake.build:Building CMake package in '/home/bryan_wsl/projects/ros2_ws/src/controller_core'
[0.493s] INFO:colcon.colcon_core.plugin_system:Skipping extension 'colcon_core.shell.bat': Not used on non-Windows systems
[0.493s] INFO:colcon.colcon_core.shell:Skip shell extension 'powershell' for command environment: Not usable outside of PowerShell
[0.493s] DEBUG:colcon.colcon_core.shell:Skip shell extension 'dsv' for command environment
[0.497s] INFO:colcon.colcon_ros.task.ament_cmake.build:Building ROS package in '/home/bryan_wsl/projects/ros2_ws/src/path_planner' with build type 'ament_cmake'
[0.497s] INFO:colcon.colcon_cmake.task.cmake.build:Building CMake package in '/home/bryan_wsl/projects/ros2_ws/src/path_planner'
[0.498s] INFO:colcon.colcon_core.shell:Skip shell extension 'powershell' for command environment: Not usable outside of PowerShell
[0.498s] DEBUG:colcon.colcon_core.shell:Skip shell extension 'dsv' for command environment
[0.500s] INFO:colcon.colcon_ros.task.ament_cmake.build:Building ROS package in '/home/bryan_wsl/projects/ros2_ws/src/sensor_fusion_core' with build type 'ament_cmake'
[0.500s] INFO:colcon.colcon_cmake.task.cmake.build:Building CMake package in '/home/bryan_wsl/projects/ros2_ws/src/sensor_fusion_core'
[0.500s] INFO:colcon.colcon_core.shell:Skip shell extension 'powershell' for command environment: Not usable outside of PowerShell
[0.500s] DEBUG:colcon.colcon_core.shell:Skip shell extension 'dsv' for command environment
[0.502s] INFO:colcon.colcon_ros.task.ament_cmake.build:Building ROS package in '/home/bryan_wsl/projects/ros2_ws/src/sensor_sim' with build type 'ament_cmake'
[0.502s] INFO:colcon.colcon_cmake.task.cmake.build:Building CMake package in '/home/bryan_wsl/projects/ros2_ws/src/sensor_sim'
[0.503s] INFO:colcon.colcon_core.shell:Skip shell extension 'powershell' for command environment: Not usable outside of PowerShell
[0.503s] DEBUG:colcon.colcon_core.shell:Skip shell extension 'dsv' for command environment
[0.509s] DEBUG:colcon.colcon_core.event_handler.log_command:Invoking command in '/home/bryan_wsl/projects/ros2_ws/build/controller_core': CMAKE_PREFIX_PATH=/opt/ros/humble /usr/bin/cmake /home/bryan_wsl/projects/ros2_ws/src/controller_core -DCMAKE_INSTALL_PREFIX=/home/bryan_wsl/projects/ros2_ws/install/controller_core
[0.512s] DEBUG:colcon.colcon_core.event_handler.log_command:Invoking command in '/home/bryan_wsl/projects/ros2_ws/build/path_planner': CMAKE_PREFIX_PATH=/opt/ros/humble /usr/bin/cmake /home/bryan_wsl/projects/ros2_ws/src/path_planner -DCMAKE_INSTALL_PREFIX=/home/bryan_wsl/projects/ros2_ws/install/path_planner
[0.518s] DEBUG:colcon.colcon_core.event_handler.log_command:Invoking command in '/home/bryan_wsl/projects/ros2_ws/build/sensor_fusion_core': CMAKE_PREFIX_PATH=/opt/ros/humble /usr/bin/cmake /home/bryan_wsl/projects/ros2_ws/src/sensor_fusion_core -DCMAKE_INSTALL_PREFIX=/home/bryan_wsl/projects/ros2_ws/install/sensor_fusion_core
[0.521s] DEBUG:colcon.colcon_core.event_handler.log_command:Invoking command in '/home/bryan_wsl/projects/ros2_ws/build/sensor_sim': CMAKE_PREFIX_PATH=/opt/ros/humble /usr/bin/cmake /home/bryan_wsl/projects/ros2_ws/src/sensor_sim -DCMAKE_INSTALL_PREFIX=/home/bryan_wsl/projects/ros2_ws/install/sensor_sim
[5.372s] DEBUG:colcon.colcon_core.event_handler.log_command:Invoked command in '/home/bryan_wsl/projects/ros2_ws/build/sensor_sim' returned '0': CMAKE_PREFIX_PATH=/opt/ros/humble /usr/bin/cmake /home/bryan_wsl/projects/ros2_ws/src/sensor_sim -DCMAKE_INSTALL_PREFIX=/home/bryan_wsl/projects/ros2_ws/install/sensor_sim
[5.374s] DEBUG:colcon.colcon_core.event_handler.log_command:Invoking command in '/home/bryan_wsl/projects/ros2_ws/build/sensor_sim': CMAKE_PREFIX_PATH=/opt/ros/humble /usr/bin/cmake --build /home/bryan_wsl/projects/ros2_ws/build/sensor_sim -- -j20 -l20
[6.348s] DEBUG:colcon.colcon_core.event_handler.log_command:Invoked command in '/home/bryan_wsl/projects/ros2_ws/build/sensor_fusion_core' returned '0': CMAKE_PREFIX_PATH=/opt/ros/humble /usr/bin/cmake /home/bryan_wsl/projects/ros2_ws/src/sensor_fusion_core -DCMAKE_INSTALL_PREFIX=/home/bryan_wsl/projects/ros2_ws/install/sensor_fusion_core
[6.350s] DEBUG:colcon.colcon_core.event_handler.log_command:Invoking command in '/home/bryan_wsl/projects/ros2_ws/build/sensor_fusion_core': CMAKE_PREFIX_PATH=/opt/ros/humble /usr/bin/cmake --build /home/bryan_wsl/projects/ros2_ws/build/sensor_fusion_core -- -j20 -l20
[6.595s] DEBUG:colcon.colcon_core.event_handler.log_command:Invoked command in '/home/bryan_wsl/projects/ros2_ws/build/path_planner' returned '0': CMAKE_PREFIX_PATH=/opt/ros/humble /usr/bin/cmake /home/bryan_wsl/projects/ros2_ws/src/path_planner -DCMAKE_INSTALL_PREFIX=/home/bryan_wsl/projects/ros2_ws/install/path_planner
[6.597s] DEBUG:colcon.colcon_core.event_handler.log_command:Invoking command in '/home/bryan_wsl/projects/ros2_ws/build/path_planner': CMAKE_PREFIX_PATH=/opt/ros/humble /usr/bin/cmake --build /home/bryan_wsl/projects/ros2_ws/build/path_planner -- -j20 -l20
[7.695s] DEBUG:colcon.colcon_core.event_handler.log_command:Invoked command in '/home/bryan_wsl/projects/ros2_ws/build/controller_core' returned '0': CMAKE_PREFIX_PATH=/opt/ros/humble /usr/bin/cmake /home/bryan_wsl/projects/ros2_ws/src/controller_core -DCMAKE_INSTALL_PREFIX=/home/bryan_wsl/projects/ros2_ws/install/controller_core
[7.697s] DEBUG:colcon.colcon_core.event_handler.log_command:Invoking command in '/home/bryan_wsl/projects/ros2_ws/build/controller_core': CMAKE_PREFIX_PATH=/opt/ros/humble /usr/bin/cmake --build /home/bryan_wsl/projects/ros2_ws/build/controller_core -- -j20 -l20
[9.150s] DEBUG:colcon.colcon_core.event_handler.log_command:Invoked command in '/home/bryan_wsl/projects/ros2_ws/build/path_planner' returned '0': CMAKE_PREFIX_PATH=/opt/ros/humble /usr/bin/cmake --build /home/bryan_wsl/projects/ros2_ws/build/path_planner -- -j20 -l20
[9.156s] DEBUG:colcon.colcon_core.event_handler.log_command:Invoking command in '/home/bryan_wsl/projects/ros2_ws/build/path_planner': CMAKE_PREFIX_PATH=/opt/ros/humble /usr/bin/cmake --install /home/bryan_wsl/projects/ros2_ws/build/path_planner
[9.163s] Level 1:colcon.colcon_core.environment:create_environment_scripts_only(path_planner)
[9.163s] DEBUG:colcon.colcon_core.event_handler.log_command:Invoked command in '/home/bryan_wsl/projects/ros2_ws/build/path_planner' returned '0': CMAKE_PREFIX_PATH=/opt/ros/humble /usr/bin/cmake --install /home/bryan_wsl/projects/ros2_ws/build/path_planner
[9.170s] Level 1:colcon.colcon_core.environment:checking '/home/bryan_wsl/projects/ros2_ws/install/path_planner' for CMake module files
[9.171s] Level 1:colcon.colcon_core.environment:checking '/home/bryan_wsl/projects/ros2_ws/install/path_planner' for CMake config files
[9.171s] Level 1:colcon.colcon_core.shell:create_environment_hook('path_planner', 'cmake_prefix_path')
[9.171s] INFO:colcon.colcon_core.shell:Creating environment hook '/home/bryan_wsl/projects/ros2_ws/install/path_planner/share/path_planner/hook/cmake_prefix_path.ps1'
[9.172s] INFO:colcon.colcon_core.shell:Creating environment descriptor '/home/bryan_wsl/projects/ros2_ws/install/path_planner/share/path_planner/hook/cmake_prefix_path.dsv'
[9.173s] INFO:colcon.colcon_core.shell:Creating environment hook '/home/bryan_wsl/projects/ros2_ws/install/path_planner/share/path_planner/hook/cmake_prefix_path.sh'
[9.174s] Level 1:colcon.colcon_core.environment:checking '/home/bryan_wsl/projects/ros2_ws/install/path_planner/lib'
[9.174s] Level 1:colcon.colcon_core.environment:checking '/home/bryan_wsl/projects/ros2_ws/install/path_planner/bin'
[9.174s] Level 1:colcon.colcon_core.environment:checking '/home/bryan_wsl/projects/ros2_ws/install/path_planner/lib/pkgconfig/path_planner.pc'
[9.174s] Level 1:colcon.colcon_core.environment:checking '/home/bryan_wsl/projects/ros2_ws/install/path_planner/lib/python3.10/site-packages'
[9.174s] Level 1:colcon.colcon_core.environment:checking '/home/bryan_wsl/projects/ros2_ws/install/path_planner/bin'
[9.174s] INFO:colcon.colcon_core.shell:Creating package script '/home/bryan_wsl/projects/ros2_ws/install/path_planner/share/path_planner/package.ps1'
[9.175s] INFO:colcon.colcon_core.shell:Creating package descriptor '/home/bryan_wsl/projects/ros2_ws/install/path_planner/share/path_planner/package.dsv'
[9.176s] INFO:colcon.colcon_core.shell:Creating package script '/home/bryan_wsl/projects/ros2_ws/install/path_planner/share/path_planner/package.sh'
[9.177s] INFO:colcon.colcon_core.shell:Creating package script '/home/bryan_wsl/projects/ros2_ws/install/path_planner/share/path_planner/package.bash'
[9.177s] INFO:colcon.colcon_core.shell:Creating package script '/home/bryan_wsl/projects/ros2_ws/install/path_planner/share/path_planner/package.zsh'
[9.178s] Level 1:colcon.colcon_core.environment:create_file_with_runtime_dependencies(/home/bryan_wsl/projects/ros2_ws/install/path_planner/share/colcon-core/packages/path_planner)
[9.179s] Level 1:colcon.colcon_core.environment:create_environment_scripts_only(path_planner)
[9.179s] Level 1:colcon.colcon_core.environment:checking '/home/bryan_wsl/projects/ros2_ws/install/path_planner' for CMake module files
[9.179s] Level 1:colcon.colcon_core.environment:checking '/home/bryan_wsl/projects/ros2_ws/install/path_planner' for CMake config files
[9.179s] Level 1:colcon.colcon_core.shell:create_environment_hook('path_planner', 'cmake_prefix_path')
[9.179s] INFO:colcon.colcon_core.shell:Creating environment hook '/home/bryan_wsl/projects/ros2_ws/install/path_planner/share/path_planner/hook/cmake_prefix_path.ps1'
[9.179s] INFO:colcon.colcon_core.shell:Creating environment descriptor '/home/bryan_wsl/projects/ros2_ws/install/path_planner/share/path_planner/hook/cmake_prefix_path.dsv'
[9.180s] INFO:colcon.colcon_core.shell:Creating environment hook '/home/bryan_wsl/projects/ros2_ws/install/path_planner/share/path_planner/hook/cmake_prefix_path.sh'
[9.180s] Level 1:colcon.colcon_core.environment:checking '/home/bryan_wsl/projects/ros2_ws/install/path_planner/lib'
[9.180s] Level 1:colcon.colcon_core.environment:checking '/home/bryan_wsl/projects/ros2_ws/install/path_planner/bin'
[9.180s] Level 1:colcon.colcon_core.environment:checking '/home/bryan_wsl/projects/ros2_ws/install/path_planner/lib/pkgconfig/path_planner.pc'
[9.180s] Level 1:colcon.colcon_core.environment:checking '/home/bryan_wsl/projects/ros2_ws/install/path_planner/lib/python3.10/site-packages'
[9.180s] Level 1:colcon.colcon_core.environment:checking '/home/bryan_wsl/projects/ros2_ws/install/path_planner/bin'
[9.180s] INFO:colcon.colcon_core.shell:Creating package script '/home/bryan_wsl/projects/ros2_ws/install/path_planner/share/path_planner/package.ps1'
[9.181s] INFO:colcon.colcon_core.shell:Creating package descriptor '/home/bryan_wsl/projects/ros2_ws/install/path_planner/share/path_planner/package.dsv'
[9.181s] INFO:colcon.colcon_core.shell:Creating package script '/home/bryan_wsl/projects/ros2_ws/install/path_planner/share/path_planner/package.sh'
[9.181s] INFO:colcon.colcon_core.shell:Creating package script '/home/bryan_wsl/projects/ros2_ws/install/path_planner/share/path_planner/package.bash'
[9.181s] INFO:colcon.colcon_core.shell:Creating package script '/home/bryan_wsl/projects/ros2_ws/install/path_planner/share/path_planner/package.zsh'
[9.182s] Level 1:colcon.colcon_core.environment:create_file_with_runtime_dependencies(/home/bryan_wsl/projects/ros2_ws/install/path_planner/share/colcon-core/packages/path_planner)
[9.453s] DEBUG:colcon.colcon_core.event_handler.log_command:Invoked command in '/home/bryan_wsl/projects/ros2_ws/build/sensor_sim' returned '0': CMAKE_PREFIX_PATH=/opt/ros/humble /usr/bin/cmake --build /home/bryan_wsl/projects/ros2_ws/build/sensor_sim -- -j20 -l20
[9.455s] DEBUG:colcon.colcon_core.event_handler.log_command:Invoking command in '/home/bryan_wsl/projects/ros2_ws/build/sensor_sim': CMAKE_PREFIX_PATH=/opt/ros/humble /usr/bin/cmake --install /home/bryan_wsl/projects/ros2_ws/build/sensor_sim
[9.463s] Level 1:colcon.colcon_core.environment:create_environment_scripts_only(sensor_sim)
[9.463s] DEBUG:colcon.colcon_core.event_handler.log_command:Invoked command in '/home/bryan_wsl/projects/ros2_ws/build/sensor_sim' returned '0': CMAKE_PREFIX_PATH=/opt/ros/humble /usr/bin/cmake --install /home/bryan_wsl/projects/ros2_ws/build/sensor_sim
[9.463s] Level 1:colcon.colcon_core.environment:checking '/home/bryan_wsl/projects/ros2_ws/install/sensor_sim' for CMake module files
[9.464s] Level 1:colcon.colcon_core.environment:checking '/home/bryan_wsl/projects/ros2_ws/install/sensor_sim' for CMake config files
[9.464s] Level 1:colcon.colcon_core.shell:create_environment_hook('sensor_sim', 'cmake_prefix_path')
[9.464s] INFO:colcon.colcon_core.shell:Creating environment hook '/home/bryan_wsl/projects/ros2_ws/install/sensor_sim/share/sensor_sim/hook/cmake_prefix_path.ps1'
[9.465s] INFO:colcon.colcon_core.shell:Creating environment descriptor '/home/bryan_wsl/projects/ros2_ws/install/sensor_sim/share/sensor_sim/hook/cmake_prefix_path.dsv'
[9.465s] INFO:colcon.colcon_core.shell:Creating environment hook '/home/bryan_wsl/projects/ros2_ws/install/sensor_sim/share/sensor_sim/hook/cmake_prefix_path.sh'
[9.465s] Level 1:colcon.colcon_core.environment:checking '/home/bryan_wsl/projects/ros2_ws/install/sensor_sim/lib'
[9.465s] Level 1:colcon.colcon_core.environment:checking '/home/bryan_wsl/projects/ros2_ws/install/sensor_sim/bin'
[9.465s] Level 1:colcon.colcon_core.environment:checking '/home/bryan_wsl/projects/ros2_ws/install/sensor_sim/lib/pkgconfig/sensor_sim.pc'
[9.465s] Level 1:colcon.colcon_core.environment:checking '/home/bryan_wsl/projects/ros2_ws/install/sensor_sim/lib/python3.10/site-packages'
[9.466s] Level 1:colcon.colcon_core.environment:checking '/home/bryan_wsl/projects/ros2_ws/install/sensor_sim/bin'
[9.466s] INFO:colcon.colcon_core.shell:Creating package script '/home/bryan_wsl/projects/ros2_ws/install/sensor_sim/share/sensor_sim/package.ps1'
[9.466s] INFO:colcon.colcon_core.shell:Creating package descriptor '/home/bryan_wsl/projects/ros2_ws/install/sensor_sim/share/sensor_sim/package.dsv'
[9.466s] INFO:colcon.colcon_core.shell:Creating package script '/home/bryan_wsl/projects/ros2_ws/install/sensor_sim/share/sensor_sim/package.sh'
[9.467s] INFO:colcon.colcon_core.shell:Creating package script '/home/bryan_wsl/projects/ros2_ws/install/sensor_sim/share/sensor_sim/package.bash'
[9.467s] INFO:colcon.colcon_core.shell:Creating package script '/home/bryan_wsl/projects/ros2_ws/install/sensor_sim/share/sensor_sim/package.zsh'
[9.467s] Level 1:colcon.colcon_core.environment:create_file_with_runtime_dependencies(/home/bryan_wsl/projects/ros2_ws/install/sensor_sim/share/colcon-core/packages/sensor_sim)
[9.468s] Level 1:colcon.colcon_core.environment:create_environment_scripts_only(sensor_sim)
[9.468s] Level 1:colcon.colcon_core.environment:checking '/home/bryan_wsl/projects/ros2_ws/install/sensor_sim' for CMake module files
[9.468s] Level 1:colcon.colcon_core.environment:checking '/home/bryan_wsl/projects/ros2_ws/install/sensor_sim' for CMake config files
[9.468s] Level 1:colcon.colcon_core.shell:create_environment_hook('sensor_sim', 'cmake_prefix_path')
[9.468s] INFO:colcon.colcon_core.shell:Creating environment hook '/home/bryan_wsl/projects/ros2_ws/install/sensor_sim/share/sensor_sim/hook/cmake_prefix_path.ps1'
[9.469s] INFO:colcon.colcon_core.shell:Creating environment descriptor '/home/bryan_wsl/projects/ros2_ws/install/sensor_sim/share/sensor_sim/hook/cmake_prefix_path.dsv'
[9.469s] INFO:colcon.colcon_core.shell:Creating environment hook '/home/bryan_wsl/projects/ros2_ws/install/sensor_sim/share/sensor_sim/hook/cmake_prefix_path.sh'
[9.469s] Level 1:colcon.colcon_core.environment:checking '/home/bryan_wsl/projects/ros2_ws/install/sensor_sim/lib'
[9.469s] Level 1:colcon.colcon_core.environment:checking '/home/bryan_wsl/projects/ros2_ws/install/sensor_sim/bin'
[9.469s] Level 1:colcon.colcon_core.environment:checking '/home/bryan_wsl/projects/ros2_ws/install/sensor_sim/lib/pkgconfig/sensor_sim.pc'
[9.469s] Level 1:colcon.colcon_core.environment:checking '/home/bryan_wsl/projects/ros2_ws/install/sensor_sim/lib/python3.10/site-packages'
[9.469s] Level 1:colcon.colcon_core.environment:checking '/home/bryan_wsl/projects/ros2_ws/install/sensor_sim/bin'
[9.470s] INFO:colcon.colcon_core.shell:Creating package script '/home/bryan_wsl/projects/ros2_ws/install/sensor_sim/share/sensor_sim/package.ps1'
[9.470s] INFO:colcon.colcon_core.shell:Creating package descriptor '/home/bryan_wsl/projects/ros2_ws/install/sensor_sim/share/sensor_sim/package.dsv'
[9.470s] INFO:colcon.colcon_core.shell:Creating package script '/home/bryan_wsl/projects/ros2_ws/install/sensor_sim/share/sensor_sim/package.sh'
[9.470s] INFO:colcon.colcon_core.shell:Creating package script '/home/bryan_wsl/projects/ros2_ws/install/sensor_sim/share/sensor_sim/package.bash'
[9.471s] INFO:colcon.colcon_core.shell:Creating package script '/home/bryan_wsl/projects/ros2_ws/install/sensor_sim/share/sensor_sim/package.zsh'
[9.471s] Level 1:colcon.colcon_core.environment:create_file_with_runtime_dependencies(/home/bryan_wsl/projects/ros2_ws/install/sensor_sim/share/colcon-core/packages/sensor_sim)
[10.098s] DEBUG:colcon.colcon_core.event_handler.log_command:Invoked command in '/home/bryan_wsl/projects/ros2_ws/build/controller_core' returned '0': CMAKE_PREFIX_PATH=/opt/ros/humble /usr/bin/cmake --build /home/bryan_wsl/projects/ros2_ws/build/controller_core -- -j20 -l20
[10.099s] DEBUG:colcon.colcon_core.event_handler.log_command:Invoking command in '/home/bryan_wsl/projects/ros2_ws/build/controller_core': CMAKE_PREFIX_PATH=/opt/ros/humble /usr/bin/cmake --install /home/bryan_wsl/projects/ros2_ws/build/controller_core
[10.106s] Level 1:colcon.colcon_core.environment:create_environment_scripts_only(controller_core)
[10.107s] DEBUG:colcon.colcon_core.event_handler.log_command:Invoked command in '/home/bryan_wsl/projects/ros2_ws/build/controller_core' returned '0': CMAKE_PREFIX_PATH=/opt/ros/humble /usr/bin/cmake --install /home/bryan_wsl/projects/ros2_ws/build/controller_core
[10.107s] Level 1:colcon.colcon_core.environment:checking '/home/bryan_wsl/projects/ros2_ws/install/controller_core' for CMake module files
[10.107s] Level 1:colcon.colcon_core.environment:checking '/home/bryan_wsl/projects/ros2_ws/install/controller_core' for CMake config files
[10.107s] Level 1:colcon.colcon_core.shell:create_environment_hook('controller_core', 'cmake_prefix_path')
[10.108s] INFO:colcon.colcon_core.shell:Creating environment hook '/home/bryan_wsl/projects/ros2_ws/install/controller_core/share/controller_core/hook/cmake_prefix_path.ps1'
[10.108s] INFO:colcon.colcon_core.shell:Creating environment descriptor '/home/bryan_wsl/projects/ros2_ws/install/controller_core/share/controller_core/hook/cmake_prefix_path.dsv'
[10.108s] INFO:colcon.colcon_core.shell:Creating environment hook '/home/bryan_wsl/projects/ros2_ws/install/controller_core/share/controller_core/hook/cmake_prefix_path.sh'
[10.109s] Level 1:colcon.colcon_core.environment:checking '/home/bryan_wsl/projects/ros2_ws/install/controller_core/lib'
[10.109s] Level 1:colcon.colcon_core.environment:checking '/home/bryan_wsl/projects/ros2_ws/install/controller_core/bin'
[10.109s] Level 1:colcon.colcon_core.environment:checking '/home/bryan_wsl/projects/ros2_ws/install/controller_core/lib/pkgconfig/controller_core.pc'
[10.109s] Level 1:colcon.colcon_core.environment:checking '/home/bryan_wsl/projects/ros2_ws/install/controller_core/lib/python3.10/site-packages'
[10.109s] Level 1:colcon.colcon_core.environment:checking '/home/bryan_wsl/projects/ros2_ws/install/controller_core/bin'
[10.109s] INFO:colcon.colcon_core.shell:Creating package script '/home/bryan_wsl/projects/ros2_ws/install/controller_core/share/controller_core/package.ps1'
[10.109s] INFO:colcon.colcon_core.shell:Creating package descriptor '/home/bryan_wsl/projects/ros2_ws/install/controller_core/share/controller_core/package.dsv'
[10.110s] INFO:colcon.colcon_core.shell:Creating package script '/home/bryan_wsl/projects/ros2_ws/install/controller_core/share/controller_core/package.sh'
[10.110s] INFO:colcon.colcon_core.shell:Creating package script '/home/bryan_wsl/projects/ros2_ws/install/controller_core/share/controller_core/package.bash'
[10.110s] INFO:colcon.colcon_core.shell:Creating package script '/home/bryan_wsl/projects/ros2_ws/install/controller_core/share/controller_core/package.zsh'
[10.110s] Level 1:colcon.colcon_core.environment:create_file_with_runtime_dependencies(/home/bryan_wsl/projects/ros2_ws/install/controller_core/share/colcon-core/packages/controller_core)
[10.111s] Level 1:colcon.colcon_core.environment:create_environment_scripts_only(controller_core)
[10.111s] Level 1:colcon.colcon_core.environment:checking '/home/bryan_wsl/projects/ros2_ws/install/controller_core' for CMake module files
[10.111s] Level 1:colcon.colcon_core.environment:checking '/home/bryan_wsl/projects/ros2_ws/install/controller_core' for CMake config files
[10.111s] Level 1:colcon.colcon_core.shell:create_environment_hook('controller_core', 'cmake_prefix_path')
[10.111s] INFO:colcon.colcon_core.shell:Creating environment hook '/home/bryan_wsl/projects/ros2_ws/install/controller_core/share/controller_core/hook/cmake_prefix_path.ps1'
[10.112s] INFO:colcon.colcon_core.shell:Creating environment descriptor '/home/bryan_wsl/projects/ros2_ws/install/controller_core/share/controller_core/hook/cmake_prefix_path.dsv'
[10.112s] INFO:colcon.colcon_core.shell:Creating environment hook '/home/bryan_wsl/projects/ros2_ws/install/controller_core/share/controller_core/hook/cmake_prefix_path.sh'
[10.112s] Level 1:colcon.colcon_core.environment:checking '/home/bryan_wsl/projects/ros2_ws/install/controller_core/lib'
[10.112s] Level 1:colcon.colcon_core.environment:checking '/home/bryan_wsl/projects/ros2_ws/install/controller_core/bin'
[10.112s] Level 1:colcon.colcon_core.environment:checking '/home/bryan_wsl/projects/ros2_ws/install/controller_core/lib/pkgconfig/controller_core.pc'
[10.113s] Level 1:colcon.colcon_core.environment:checking '/home/bryan_wsl/projects/ros2_ws/install/controller_core/lib/python3.10/site-packages'
[10.113s] Level 1:colcon.colcon_core.environment:checking '/home/bryan_wsl/projects/ros2_ws/install/controller_core/bin'
[10.113s] INFO:colcon.colcon_core.shell:Creating package script '/home/bryan_wsl/projects/ros2_ws/install/controller_core/share/controller_core/package.ps1'
[10.113s] INFO:colcon.colcon_core.shell:Creating package descriptor '/home/bryan_wsl/projects/ros2_ws/install/controller_core/share/controller_core/package.dsv'
[10.113s] INFO:colcon.colcon_core.shell:Creating package script '/home/bryan_wsl/projects/ros2_ws/install/controller_core/share/controller_core/package.sh'
[10.114s] INFO:colcon.colcon_core.shell:Creating package script '/home/bryan_wsl/projects/ros2_ws/install/controller_core/share/controller_core/package.bash'
[10.114s] INFO:colcon.colcon_core.shell:Creating package script '/home/bryan_wsl/projects/ros2_ws/install/controller_core/share/controller_core/package.zsh'
[10.114s] Level 1:colcon.colcon_core.environment:create_file_with_runtime_dependencies(/home/bryan_wsl/projects/ros2_ws/install/controller_core/share/colcon-core/packages/controller_core)
[13.768s] DEBUG:colcon.colcon_core.event_handler.log_command:Invoked command in '/home/bryan_wsl/projects/ros2_ws/build/sensor_fusion_core' returned '0': CMAKE_PREFIX_PATH=/opt/ros/humble /usr/bin/cmake --build /home/bryan_wsl/projects/ros2_ws/build/sensor_fusion_core -- -j20 -l20
[13.770s] DEBUG:colcon.colcon_core.event_handler.log_command:Invoking command in '/home/bryan_wsl/projects/ros2_ws/build/sensor_fusion_core': CMAKE_PREFIX_PATH=/opt/ros/humble /usr/bin/cmake --install /home/bryan_wsl/projects/ros2_ws/build/sensor_fusion_core
[13.778s] Level 1:colcon.colcon_core.environment:create_environment_scripts_only(sensor_fusion_core)
[13.778s] DEBUG:colcon.colcon_core.event_handler.log_command:Invoked command in '/home/bryan_wsl/projects/ros2_ws/build/sensor_fusion_core' returned '0': CMAKE_PREFIX_PATH=/opt/ros/humble /usr/bin/cmake --install /home/bryan_wsl/projects/ros2_ws/build/sensor_fusion_core
[13.779s] Level 1:colcon.colcon_core.environment:checking '/home/bryan_wsl/projects/ros2_ws/install/sensor_fusion_core' for CMake module files
[13.779s] Level 1:colcon.colcon_core.environment:checking '/home/bryan_wsl/projects/ros2_ws/install/sensor_fusion_core' for CMake config files
[13.779s] Level 1:colcon.colcon_core.shell:create_environment_hook('sensor_fusion_core', 'cmake_prefix_path')
[13.779s] INFO:colcon.colcon_core.shell:Creating environment hook '/home/bryan_wsl/projects/ros2_ws/install/sensor_fusion_core/share/sensor_fusion_core/hook/cmake_prefix_path.ps1'
[13.780s] INFO:colcon.colcon_core.shell:Creating environment descriptor '/home/bryan_wsl/projects/ros2_ws/install/sensor_fusion_core/share/sensor_fusion_core/hook/cmake_prefix_path.dsv'
[13.780s] INFO:colcon.colcon_core.shell:Creating environment hook '/home/bryan_wsl/projects/ros2_ws/install/sensor_fusion_core/share/sensor_fusion_core/hook/cmake_prefix_path.sh'
[13.780s] Level 1:colcon.colcon_core.environment:checking '/home/bryan_wsl/projects/ros2_ws/install/sensor_fusion_core/lib'
[13.780s] Level 1:colcon.colcon_core.environment:checking '/home/bryan_wsl/projects/ros2_ws/install/sensor_fusion_core/bin'
[13.780s] Level 1:colcon.colcon_core.environment:checking '/home/bryan_wsl/projects/ros2_ws/install/sensor_fusion_core/lib/pkgconfig/sensor_fusion_core.pc'
[13.780s] Level 1:colcon.colcon_core.environment:checking '/home/bryan_wsl/projects/ros2_ws/install/sensor_fusion_core/lib/python3.10/site-packages'
[13.780s] Level 1:colcon.colcon_core.environment:checking '/home/bryan_wsl/projects/ros2_ws/install/sensor_fusion_core/bin'
[13.781s] INFO:colcon.colcon_core.shell:Creating package script '/home/bryan_wsl/projects/ros2_ws/install/sensor_fusion_core/share/sensor_fusion_core/package.ps1'
[13.781s] INFO:colcon.colcon_core.shell:Creating package descriptor '/home/bryan_wsl/projects/ros2_ws/install/sensor_fusion_core/share/sensor_fusion_core/package.dsv'
[13.781s] INFO:colcon.colcon_core.shell:Creating package script '/home/bryan_wsl/projects/ros2_ws/install/sensor_fusion_core/share/sensor_fusion_core/package.sh'
[13.781s] INFO:colcon.colcon_core.shell:Creating package script '/home/bryan_wsl/projects/ros2_ws/install/sensor_fusion_core/share/sensor_fusion_core/package.bash'
[13.781s] INFO:colcon.colcon_core.shell:Creating package script '/home/bryan_wsl/projects/ros2_ws/install/sensor_fusion_core/share/sensor_fusion_core/package.zsh'
[13.781s] Level 1:colcon.colcon_core.environment:create_file_with_runtime_dependencies(/home/bryan_wsl/projects/ros2_ws/install/sensor_fusion_core/share/colcon-core/packages/sensor_fusion_core)
[13.782s] Level 1:colcon.colcon_core.environment:create_environment_scripts_only(sensor_fusion_core)
[13.782s] Level 1:colcon.colcon_core.environment:checking '/home/bryan_wsl/projects/ros2_ws/install/sensor_fusion_core' for CMake module files
[13.782s] Level 1:colcon.colcon_core.environment:checking '/home/bryan_wsl/projects/ros2_ws/install/sensor_fusion_core' for CMake config files
[13.782s] Level 1:colcon.colcon_core.shell:create_environment_hook('sensor_fusion_core', 'cmake_prefix_path')
[13.782s] INFO:colcon.colcon_core.shell:Creating environment hook '/home/bryan_wsl/projects/ros2_ws/install/sensor_fusion_core/share/sensor_fusion_core/hook/cmake_prefix_path.ps1'
[13.782s] INFO:colcon.colcon_core.shell:Creating environment descriptor '/home/bryan_wsl/projects/ros2_ws/install/sensor_fusion_core/share/sensor_fusion_core/hook/cmake_prefix_path.dsv'
[13.783s] INFO:colcon.colcon_core.shell:Creating environment hook '/home/bryan_wsl/projects/ros2_ws/install/sensor_fusion_core/share/sensor_fusion_core/hook/cmake_prefix_path.sh'
[13.783s] Level 1:colcon.colcon_core.environment:checking '/home/bryan_wsl/projects/ros2_ws/install/sensor_fusion_core/lib'
[13.783s] Level 1:colcon.colcon_core.environment:checking '/home/bryan_wsl/projects/ros2_ws/install/sensor_fusion_core/bin'
[13.783s] Level 1:colcon.colcon_core.environment:checking '/home/bryan_wsl/projects/ros2_ws/install/sensor_fusion_core/lib/pkgconfig/sensor_fusion_core.pc'
[13.783s] Level 1:colcon.colcon_core.environment:checking '/home/bryan_wsl/projects/ros2_ws/install/sensor_fusion_core/lib/python3.10/site-packages'
[13.783s] Level 1:colcon.colcon_core.environment:checking '/home/bryan_wsl/projects/ros2_ws/install/sensor_fusion_core/bin'
[13.783s] INFO:colcon.colcon_core.shell:Creating package script '/home/bryan_wsl/projects/ros2_ws/install/sensor_fusion_core/share/sensor_fusion_core/package.ps1'
[13.784s] INFO:colcon.colcon_core.shell:Creating package descriptor '/home/bryan_wsl/projects/ros2_ws/install/sensor_fusion_core/share/sensor_fusion_core/package.dsv'
[13.784s] INFO:colcon.colcon_core.shell:Creating package script '/home/bryan_wsl/projects/ros2_ws/install/sensor_fusion_core/share/sensor_fusion_core/package.sh'
[13.784s] INFO:colcon.colcon_core.shell:Creating package script '/home/bryan_wsl/projects/ros2_ws/install/sensor_fusion_core/share/sensor_fusion_core/package.bash'
[13.784s] INFO:colcon.colcon_core.shell:Creating package script '/home/bryan_wsl/projects/ros2_ws/install/sensor_fusion_core/share/sensor_fusion_core/package.zsh'
[13.785s] Level 1:colcon.colcon_core.environment:create_file_with_runtime_dependencies(/home/bryan_wsl/projects/ros2_ws/install/sensor_fusion_core/share/colcon-core/packages/sensor_fusion_core)
[13.785s] DEBUG:colcon.colcon_parallel_executor.executor.parallel:closing loop
[13.785s] DEBUG:colcon.colcon_parallel_executor.executor.parallel:loop closed
[13.785s] DEBUG:colcon.colcon_parallel_executor.executor.parallel:run_until_complete finished with '0'
[13.785s] DEBUG:colcon.colcon_core.event_reactor:joining thread
[13.833s] INFO:colcon.colcon_core.plugin_system:Skipping extension 'colcon_notification.desktop_notification.notify_send': Could not find 'notify-send'
[13.834s] INFO:colcon.colcon_core.plugin_system:Skipping extension 'colcon_notification.desktop_notification.terminal_notifier': Not used on non-Darwin systems
[13.834s] INFO:colcon.colcon_core.plugin_system:Skipping extension 'colcon_notification.desktop_notification.win32': Not used on non-Windows systems
[13.834s] INFO:colcon.colcon_notification.desktop_notification:Sending desktop notification using 'notify2'
[13.834s] DEBUG:colcon.colcon_notification.desktop_notification.notify2:Failed to initialize notify2: org.freedesktop.DBus.Error.FileNotFound: Failed to connect to socket /run/user/1000/bus: No such file or directory
[13.834s] DEBUG:colcon.colcon_core.event_reactor:joined thread
[13.834s] INFO:colcon.colcon_core.shell:Creating prefix script '/home/bryan_wsl/projects/ros2_ws/install/local_setup.ps1'
[13.835s] INFO:colcon.colcon_core.shell:Creating prefix util module '/home/bryan_wsl/projects/ros2_ws/install/_local_setup_util_ps1.py'
[13.837s] INFO:colcon.colcon_core.shell:Creating prefix chain script '/home/bryan_wsl/projects/ros2_ws/install/setup.ps1'
[13.838s] INFO:colcon.colcon_core.shell:Creating prefix script '/home/bryan_wsl/projects/ros2_ws/install/local_setup.sh'
[13.838s] INFO:colcon.colcon_core.shell:Creating prefix util module '/home/bryan_wsl/projects/ros2_ws/install/_local_setup_util_sh.py'
[13.839s] INFO:colcon.colcon_core.shell:Creating prefix chain script '/home/bryan_wsl/projects/ros2_ws/install/setup.sh'
[13.839s] INFO:colcon.colcon_core.shell:Creating prefix script '/home/bryan_wsl/projects/ros2_ws/install/local_setup.bash'
[13.840s] INFO:colcon.colcon_core.shell:Creating prefix chain script '/home/bryan_wsl/projects/ros2_ws/install/setup.bash'
[13.841s] INFO:colcon.colcon_core.shell:Creating prefix script '/home/bryan_wsl/projects/ros2_ws/install/local_setup.zsh'
[13.841s] INFO:colcon.colcon_core.shell:Creating prefix chain script '/home/bryan_wsl/projects/ros2_ws/install/setup.zsh'
