[0.312s] DEBUG:colcon:Command line arguments: ['/usr/bin/colcon', 'build', '--packages-select', 'sensor_sim']
[0.312s] DEBUG:colcon:Parsed command line arguments: Namespace(log_base=None, log_level=None, verb_name='build', build_base='build', install_base='install', merge_install=False, symlink_install=False, test_result_base=None, continue_on_error=False, executor='parallel', parallel_workers=20, event_handlers=None, ignore_user_meta=False, metas=['./colcon.meta'], base_paths=['.'], packages_ignore=None, packages_ignore_regex=None, paths=None, packages_up_to=None, packages_up_to_regex=None, packages_above=None, packages_above_and_dependencies=None, packages_above_depth=None, packages_select_by_dep=None, packages_skip_by_dep=None, packages_skip_up_to=None, packages_select_build_failed=False, packages_skip_build_finished=False, packages_select_test_failures=False, packages_skip_test_passed=False, packages_select=['sensor_sim'], packages_skip=None, packages_select_regex=None, packages_skip_regex=None, packages_start=None, packages_end=None, allow_overriding=[], cmake_args=None, cmake_target=None, cmake_target_skip_unavailable=False, cmake_clean_cache=False, cmake_clean_first=False, cmake_force_configure=False, ament_cmake_args=None, catkin_cmake_args=None, catkin_skip_building_tests=False, mixin_files=None, mixin=None, verb_parser=<colcon_mixin.mixin.mixin_argument.MixinArgumentDecorator object at 0x7f8307231360>, verb_extension=<colcon_core.verb.build.BuildVerb object at 0x7f8307230eb0>, main=<bound method BuildVerb.main of <colcon_core.verb.build.BuildVerb object at 0x7f8307230eb0>>, mixin_verb=('build',))
[0.563s] Level 1:colcon.colcon_core.package_discovery:discover_packages(colcon_meta) check parameters
[0.563s] Level 1:colcon.colcon_core.package_discovery:discover_packages(recursive) check parameters
[0.563s] Level 1:colcon.colcon_core.package_discovery:discover_packages(ignore) check parameters
[0.563s] Level 1:colcon.colcon_core.package_discovery:discover_packages(path) check parameters
[0.563s] Level 1:colcon.colcon_core.package_discovery:discover_packages(colcon_meta) discover
[0.563s] Level 1:colcon.colcon_core.package_discovery:discover_packages(recursive) discover
[0.563s] INFO:colcon.colcon_core.package_discovery:Crawling recursively for packages in '/home/bryan_wsl/projects/ros2_ws'
[0.564s] Level 1:colcon.colcon_core.package_identification:_identify(.) by extensions ['ignore', 'ignore_ament_install']
[0.564s] Level 1:colcon.colcon_core.package_identification:_identify(.) by extension 'ignore'
[0.564s] Level 1:colcon.colcon_core.package_identification:_identify(.) by extension 'ignore_ament_install'
[0.564s] Level 1:colcon.colcon_core.package_identification:_identify(.) by extensions ['colcon_pkg']
[0.564s] Level 1:colcon.colcon_core.package_identification:_identify(.) by extension 'colcon_pkg'
[0.564s] Level 1:colcon.colcon_core.package_identification:_identify(.) by extensions ['colcon_meta']
[0.564s] Level 1:colcon.colcon_core.package_identification:_identify(.) by extension 'colcon_meta'
[0.564s] Level 1:colcon.colcon_core.package_identification:_identify(.) by extensions ['ros']
[0.564s] Level 1:colcon.colcon_core.package_identification:_identify(.) by extension 'ros'
[0.576s] Level 1:colcon.colcon_core.package_identification:_identify(.) by extensions ['cmake', 'python']
[0.576s] Level 1:colcon.colcon_core.package_identification:_identify(.) by extension 'cmake'
[0.576s] Level 1:colcon.colcon_core.package_identification:_identify(.) by extension 'python'
[0.576s] Level 1:colcon.colcon_core.package_identification:_identify(.) by extensions ['python_setup_py']
[0.576s] Level 1:colcon.colcon_core.package_identification:_identify(.) by extension 'python_setup_py'
[0.576s] Level 1:colcon.colcon_core.package_identification:_identify(build) by extensions ['ignore', 'ignore_ament_install']
[0.576s] Level 1:colcon.colcon_core.package_identification:_identify(build) by extension 'ignore'
[0.577s] Level 1:colcon.colcon_core.package_identification:_identify(build) ignored
[0.577s] Level 1:colcon.colcon_core.package_identification:_identify(install) by extensions ['ignore', 'ignore_ament_install']
[0.577s] Level 1:colcon.colcon_core.package_identification:_identify(install) by extension 'ignore'
[0.577s] Level 1:colcon.colcon_core.package_identification:_identify(install) ignored
[0.577s] Level 1:colcon.colcon_core.package_identification:_identify(log) by extensions ['ignore', 'ignore_ament_install']
[0.577s] Level 1:colcon.colcon_core.package_identification:_identify(log) by extension 'ignore'
[0.577s] Level 1:colcon.colcon_core.package_identification:_identify(log) ignored
[0.577s] Level 1:colcon.colcon_core.package_identification:_identify(src) by extensions ['ignore', 'ignore_ament_install']
[0.577s] Level 1:colcon.colcon_core.package_identification:_identify(src) by extension 'ignore'
[0.577s] Level 1:colcon.colcon_core.package_identification:_identify(src) by extension 'ignore_ament_install'
[0.577s] Level 1:colcon.colcon_core.package_identification:_identify(src) by extensions ['colcon_pkg']
[0.577s] Level 1:colcon.colcon_core.package_identification:_identify(src) by extension 'colcon_pkg'
[0.577s] Level 1:colcon.colcon_core.package_identification:_identify(src) by extensions ['colcon_meta']
[0.577s] Level 1:colcon.colcon_core.package_identification:_identify(src) by extension 'colcon_meta'
[0.577s] Level 1:colcon.colcon_core.package_identification:_identify(src) by extensions ['ros']
[0.577s] Level 1:colcon.colcon_core.package_identification:_identify(src) by extension 'ros'
[0.577s] Level 1:colcon.colcon_core.package_identification:_identify(src) by extensions ['cmake', 'python']
[0.577s] Level 1:colcon.colcon_core.package_identification:_identify(src) by extension 'cmake'
[0.577s] Level 1:colcon.colcon_core.package_identification:_identify(src) by extension 'python'
[0.577s] Level 1:colcon.colcon_core.package_identification:_identify(src) by extensions ['python_setup_py']
[0.577s] Level 1:colcon.colcon_core.package_identification:_identify(src) by extension 'python_setup_py'
[0.577s] Level 1:colcon.colcon_core.package_identification:_identify(src/controller_core) by extensions ['ignore', 'ignore_ament_install']
[0.577s] Level 1:colcon.colcon_core.package_identification:_identify(src/controller_core) by extension 'ignore'
[0.578s] Level 1:colcon.colcon_core.package_identification:_identify(src/controller_core) by extension 'ignore_ament_install'
[0.578s] Level 1:colcon.colcon_core.package_identification:_identify(src/controller_core) by extensions ['colcon_pkg']
[0.578s] Level 1:colcon.colcon_core.package_identification:_identify(src/controller_core) by extension 'colcon_pkg'
[0.578s] Level 1:colcon.colcon_core.package_identification:_identify(src/controller_core) by extensions ['colcon_meta']
[0.578s] Level 1:colcon.colcon_core.package_identification:_identify(src/controller_core) by extension 'colcon_meta'
[0.578s] Level 1:colcon.colcon_core.package_identification:_identify(src/controller_core) by extensions ['ros']
[0.578s] Level 1:colcon.colcon_core.package_identification:_identify(src/controller_core) by extension 'ros'
[0.580s] DEBUG:colcon.colcon_core.package_identification:Package 'src/controller_core' with type 'ros.ament_cmake' and name 'controller_core'
[0.580s] Level 1:colcon.colcon_core.package_identification:_identify(src/path_planner) by extensions ['ignore', 'ignore_ament_install']
[0.580s] Level 1:colcon.colcon_core.package_identification:_identify(src/path_planner) by extension 'ignore'
[0.580s] Level 1:colcon.colcon_core.package_identification:_identify(src/path_planner) by extension 'ignore_ament_install'
[0.580s] Level 1:colcon.colcon_core.package_identification:_identify(src/path_planner) by extensions ['colcon_pkg']
[0.580s] Level 1:colcon.colcon_core.package_identification:_identify(src/path_planner) by extension 'colcon_pkg'
[0.580s] Level 1:colcon.colcon_core.package_identification:_identify(src/path_planner) by extensions ['colcon_meta']
[0.580s] Level 1:colcon.colcon_core.package_identification:_identify(src/path_planner) by extension 'colcon_meta'
[0.580s] Level 1:colcon.colcon_core.package_identification:_identify(src/path_planner) by extensions ['ros']
[0.580s] Level 1:colcon.colcon_core.package_identification:_identify(src/path_planner) by extension 'ros'
[0.581s] DEBUG:colcon.colcon_core.package_identification:Package 'src/path_planner' with type 'ros.ament_cmake' and name 'path_planner'
[0.581s] Level 1:colcon.colcon_core.package_identification:_identify(src/sensor_fusion_core) by extensions ['ignore', 'ignore_ament_install']
[0.581s] Level 1:colcon.colcon_core.package_identification:_identify(src/sensor_fusion_core) by extension 'ignore'
[0.581s] Level 1:colcon.colcon_core.package_identification:_identify(src/sensor_fusion_core) by extension 'ignore_ament_install'
[0.581s] Level 1:colcon.colcon_core.package_identification:_identify(src/sensor_fusion_core) by extensions ['colcon_pkg']
[0.581s] Level 1:colcon.colcon_core.package_identification:_identify(src/sensor_fusion_core) by extension 'colcon_pkg'
[0.581s] Level 1:colcon.colcon_core.package_identification:_identify(src/sensor_fusion_core) by extensions ['colcon_meta']
[0.581s] Level 1:colcon.colcon_core.package_identification:_identify(src/sensor_fusion_core) by extension 'colcon_meta'
[0.581s] Level 1:colcon.colcon_core.package_identification:_identify(src/sensor_fusion_core) by extensions ['ros']
[0.581s] Level 1:colcon.colcon_core.package_identification:_identify(src/sensor_fusion_core) by extension 'ros'
[0.582s] DEBUG:colcon.colcon_core.package_identification:Package 'src/sensor_fusion_core' with type 'ros.ament_cmake' and name 'sensor_fusion_core'
[0.582s] Level 1:colcon.colcon_core.package_identification:_identify(src/sensor_sim) by extensions ['ignore', 'ignore_ament_install']
[0.582s] Level 1:colcon.colcon_core.package_identification:_identify(src/sensor_sim) by extension 'ignore'
[0.582s] Level 1:colcon.colcon_core.package_identification:_identify(src/sensor_sim) by extension 'ignore_ament_install'
[0.582s] Level 1:colcon.colcon_core.package_identification:_identify(src/sensor_sim) by extensions ['colcon_pkg']
[0.582s] Level 1:colcon.colcon_core.package_identification:_identify(src/sensor_sim) by extension 'colcon_pkg'
[0.582s] Level 1:colcon.colcon_core.package_identification:_identify(src/sensor_sim) by extensions ['colcon_meta']
[0.582s] Level 1:colcon.colcon_core.package_identification:_identify(src/sensor_sim) by extension 'colcon_meta'
[0.582s] Level 1:colcon.colcon_core.package_identification:_identify(src/sensor_sim) by extensions ['ros']
[0.582s] Level 1:colcon.colcon_core.package_identification:_identify(src/sensor_sim) by extension 'ros'
[0.583s] DEBUG:colcon.colcon_core.package_identification:Package 'src/sensor_sim' with type 'ros.ament_cmake' and name 'sensor_sim'
[0.583s] Level 1:colcon.colcon_core.package_discovery:discover_packages(recursive) using defaults
[0.583s] Level 1:colcon.colcon_core.package_discovery:discover_packages(ignore) discover
[0.583s] Level 1:colcon.colcon_core.package_discovery:discover_packages(ignore) using defaults
[0.583s] Level 1:colcon.colcon_core.package_discovery:discover_packages(path) discover
[0.583s] Level 1:colcon.colcon_core.package_discovery:discover_packages(path) using defaults
[0.615s] INFO:colcon.colcon_core.package_selection:Skipping not selected package 'controller_core' in 'src/controller_core'
[0.615s] INFO:colcon.colcon_core.package_selection:Skipping not selected package 'path_planner' in 'src/path_planner'
[0.615s] INFO:colcon.colcon_core.package_selection:Skipping not selected package 'sensor_fusion_core' in 'src/sensor_fusion_core'
[0.616s] Level 1:colcon.colcon_core.package_discovery:discover_packages(prefix_path) check parameters
[0.616s] Level 1:colcon.colcon_core.package_discovery:discover_packages(prefix_path) discover
[0.619s] DEBUG:colcon.colcon_installed_package_information.package_discovery:Found 271 installed packages in /opt/ros/humble
[0.620s] Level 1:colcon.colcon_core.package_discovery:discover_packages(prefix_path) using defaults
[0.675s] Level 5:colcon.colcon_core.verb:set package 'sensor_sim' build argument 'cmake_args' from command line to 'None'
[0.676s] Level 5:colcon.colcon_core.verb:set package 'sensor_sim' build argument 'cmake_target' from command line to 'None'
[0.676s] Level 5:colcon.colcon_core.verb:set package 'sensor_sim' build argument 'cmake_target_skip_unavailable' from command line to 'False'
[0.676s] Level 5:colcon.colcon_core.verb:set package 'sensor_sim' build argument 'cmake_clean_cache' from command line to 'False'
[0.676s] Level 5:colcon.colcon_core.verb:set package 'sensor_sim' build argument 'cmake_clean_first' from command line to 'False'
[0.676s] Level 5:colcon.colcon_core.verb:set package 'sensor_sim' build argument 'cmake_force_configure' from command line to 'False'
[0.676s] Level 5:colcon.colcon_core.verb:set package 'sensor_sim' build argument 'ament_cmake_args' from command line to 'None'
[0.676s] Level 5:colcon.colcon_core.verb:set package 'sensor_sim' build argument 'catkin_cmake_args' from command line to 'None'
[0.676s] Level 5:colcon.colcon_core.verb:set package 'sensor_sim' build argument 'catkin_skip_building_tests' from command line to 'False'
[0.676s] DEBUG:colcon.colcon_core.verb:Building package 'sensor_sim' with the following arguments: {'ament_cmake_args': None, 'build_base': '/home/bryan_wsl/projects/ros2_ws/build/sensor_sim', 'catkin_cmake_args': None, 'catkin_skip_building_tests': False, 'cmake_args': None, 'cmake_clean_cache': False, 'cmake_clean_first': False, 'cmake_force_configure': False, 'cmake_target': None, 'cmake_target_skip_unavailable': False, 'install_base': '/home/bryan_wsl/projects/ros2_ws/install/sensor_sim', 'merge_install': False, 'path': '/home/bryan_wsl/projects/ros2_ws/src/sensor_sim', 'symlink_install': False, 'test_result_base': None}
[0.676s] INFO:colcon.colcon_core.executor:Executing jobs using 'parallel' executor
[0.677s] DEBUG:colcon.colcon_parallel_executor.executor.parallel:run_until_complete
[0.677s] INFO:colcon.colcon_ros.task.ament_cmake.build:Building ROS package in '/home/bryan_wsl/projects/ros2_ws/src/sensor_sim' with build type 'ament_cmake'
[0.678s] INFO:colcon.colcon_cmake.task.cmake.build:Building CMake package in '/home/bryan_wsl/projects/ros2_ws/src/sensor_sim'
[0.682s] INFO:colcon.colcon_core.plugin_system:Skipping extension 'colcon_core.shell.bat': Not used on non-Windows systems
[0.682s] INFO:colcon.colcon_core.shell:Skip shell extension 'powershell' for command environment: Not usable outside of PowerShell
[0.682s] DEBUG:colcon.colcon_core.shell:Skip shell extension 'dsv' for command environment
[0.689s] DEBUG:colcon.colcon_core.event_handler.log_command:Invoking command in '/home/bryan_wsl/projects/ros2_ws/build/sensor_sim': CMAKE_PREFIX_PATH=/opt/ros/humble /usr/bin/cmake --build /home/bryan_wsl/projects/ros2_ws/build/sensor_sim -- -j20 -l20
[4.820s] DEBUG:colcon.colcon_core.event_handler.log_command:Invoked command in '/home/bryan_wsl/projects/ros2_ws/build/sensor_sim' returned '0': CMAKE_PREFIX_PATH=/opt/ros/humble /usr/bin/cmake --build /home/bryan_wsl/projects/ros2_ws/build/sensor_sim -- -j20 -l20
[4.826s] DEBUG:colcon.colcon_core.event_handler.log_command:Invoking command in '/home/bryan_wsl/projects/ros2_ws/build/sensor_sim': CMAKE_PREFIX_PATH=/opt/ros/humble /usr/bin/cmake --install /home/bryan_wsl/projects/ros2_ws/build/sensor_sim
[4.837s] Level 1:colcon.colcon_core.environment:create_environment_scripts_only(sensor_sim)
[4.837s] DEBUG:colcon.colcon_core.event_handler.log_command:Invoked command in '/home/bryan_wsl/projects/ros2_ws/build/sensor_sim' returned '0': CMAKE_PREFIX_PATH=/opt/ros/humble /usr/bin/cmake --install /home/bryan_wsl/projects/ros2_ws/build/sensor_sim
[4.842s] Level 1:colcon.colcon_core.environment:checking '/home/bryan_wsl/projects/ros2_ws/install/sensor_sim' for CMake module files
[4.842s] Level 1:colcon.colcon_core.environment:checking '/home/bryan_wsl/projects/ros2_ws/install/sensor_sim' for CMake config files
[4.842s] Level 1:colcon.colcon_core.shell:create_environment_hook('sensor_sim', 'cmake_prefix_path')
[4.842s] INFO:colcon.colcon_core.shell:Creating environment hook '/home/bryan_wsl/projects/ros2_ws/install/sensor_sim/share/sensor_sim/hook/cmake_prefix_path.ps1'
[4.843s] INFO:colcon.colcon_core.shell:Creating environment descriptor '/home/bryan_wsl/projects/ros2_ws/install/sensor_sim/share/sensor_sim/hook/cmake_prefix_path.dsv'
[4.844s] INFO:colcon.colcon_core.shell:Creating environment hook '/home/bryan_wsl/projects/ros2_ws/install/sensor_sim/share/sensor_sim/hook/cmake_prefix_path.sh'
[4.845s] Level 1:colcon.colcon_core.environment:checking '/home/bryan_wsl/projects/ros2_ws/install/sensor_sim/lib'
[4.845s] Level 1:colcon.colcon_core.environment:checking '/home/bryan_wsl/projects/ros2_ws/install/sensor_sim/bin'
[4.845s] Level 1:colcon.colcon_core.environment:checking '/home/bryan_wsl/projects/ros2_ws/install/sensor_sim/lib/pkgconfig/sensor_sim.pc'
[4.845s] Level 1:colcon.colcon_core.environment:checking '/home/bryan_wsl/projects/ros2_ws/install/sensor_sim/lib/python3.10/site-packages'
[4.846s] Level 1:colcon.colcon_core.environment:checking '/home/bryan_wsl/projects/ros2_ws/install/sensor_sim/bin'
[4.846s] INFO:colcon.colcon_core.shell:Creating package script '/home/bryan_wsl/projects/ros2_ws/install/sensor_sim/share/sensor_sim/package.ps1'
[4.847s] INFO:colcon.colcon_core.shell:Creating package descriptor '/home/bryan_wsl/projects/ros2_ws/install/sensor_sim/share/sensor_sim/package.dsv'
[4.847s] INFO:colcon.colcon_core.shell:Creating package script '/home/bryan_wsl/projects/ros2_ws/install/sensor_sim/share/sensor_sim/package.sh'
[4.848s] INFO:colcon.colcon_core.shell:Creating package script '/home/bryan_wsl/projects/ros2_ws/install/sensor_sim/share/sensor_sim/package.bash'
[4.849s] INFO:colcon.colcon_core.shell:Creating package script '/home/bryan_wsl/projects/ros2_ws/install/sensor_sim/share/sensor_sim/package.zsh'
[4.849s] Level 1:colcon.colcon_core.environment:create_file_with_runtime_dependencies(/home/bryan_wsl/projects/ros2_ws/install/sensor_sim/share/colcon-core/packages/sensor_sim)
[4.850s] Level 1:colcon.colcon_core.environment:create_environment_scripts_only(sensor_sim)
[4.850s] Level 1:colcon.colcon_core.environment:checking '/home/bryan_wsl/projects/ros2_ws/install/sensor_sim' for CMake module files
[4.850s] Level 1:colcon.colcon_core.environment:checking '/home/bryan_wsl/projects/ros2_ws/install/sensor_sim' for CMake config files
[4.850s] Level 1:colcon.colcon_core.shell:create_environment_hook('sensor_sim', 'cmake_prefix_path')
[4.850s] INFO:colcon.colcon_core.shell:Creating environment hook '/home/bryan_wsl/projects/ros2_ws/install/sensor_sim/share/sensor_sim/hook/cmake_prefix_path.ps1'
[4.851s] INFO:colcon.colcon_core.shell:Creating environment descriptor '/home/bryan_wsl/projects/ros2_ws/install/sensor_sim/share/sensor_sim/hook/cmake_prefix_path.dsv'
[4.851s] INFO:colcon.colcon_core.shell:Creating environment hook '/home/bryan_wsl/projects/ros2_ws/install/sensor_sim/share/sensor_sim/hook/cmake_prefix_path.sh'
[4.851s] Level 1:colcon.colcon_core.environment:checking '/home/bryan_wsl/projects/ros2_ws/install/sensor_sim/lib'
[4.851s] Level 1:colcon.colcon_core.environment:checking '/home/bryan_wsl/projects/ros2_ws/install/sensor_sim/bin'
[4.851s] Level 1:colcon.colcon_core.environment:checking '/home/bryan_wsl/projects/ros2_ws/install/sensor_sim/lib/pkgconfig/sensor_sim.pc'
[4.851s] Level 1:colcon.colcon_core.environment:checking '/home/bryan_wsl/projects/ros2_ws/install/sensor_sim/lib/python3.10/site-packages'
[4.851s] Level 1:colcon.colcon_core.environment:checking '/home/bryan_wsl/projects/ros2_ws/install/sensor_sim/bin'
[4.852s] INFO:colcon.colcon_core.shell:Creating package script '/home/bryan_wsl/projects/ros2_ws/install/sensor_sim/share/sensor_sim/package.ps1'
[4.852s] INFO:colcon.colcon_core.shell:Creating package descriptor '/home/bryan_wsl/projects/ros2_ws/install/sensor_sim/share/sensor_sim/package.dsv'
[4.852s] INFO:colcon.colcon_core.shell:Creating package script '/home/bryan_wsl/projects/ros2_ws/install/sensor_sim/share/sensor_sim/package.sh'
[4.852s] INFO:colcon.colcon_core.shell:Creating package script '/home/bryan_wsl/projects/ros2_ws/install/sensor_sim/share/sensor_sim/package.bash'
[4.853s] INFO:colcon.colcon_core.shell:Creating package script '/home/bryan_wsl/projects/ros2_ws/install/sensor_sim/share/sensor_sim/package.zsh'
[4.853s] Level 1:colcon.colcon_core.environment:create_file_with_runtime_dependencies(/home/bryan_wsl/projects/ros2_ws/install/sensor_sim/share/colcon-core/packages/sensor_sim)
[4.853s] DEBUG:colcon.colcon_parallel_executor.executor.parallel:closing loop
[4.854s] DEBUG:colcon.colcon_parallel_executor.executor.parallel:loop closed
[4.854s] DEBUG:colcon.colcon_parallel_executor.executor.parallel:run_until_complete finished with '0'
[4.854s] DEBUG:colcon.colcon_core.event_reactor:joining thread
[4.892s] INFO:colcon.colcon_core.plugin_system:Skipping extension 'colcon_notification.desktop_notification.notify_send': Could not find 'notify-send'
[4.892s] INFO:colcon.colcon_core.plugin_system:Skipping extension 'colcon_notification.desktop_notification.terminal_notifier': Not used on non-Darwin systems
[4.892s] INFO:colcon.colcon_core.plugin_system:Skipping extension 'colcon_notification.desktop_notification.win32': Not used on non-Windows systems
[4.892s] INFO:colcon.colcon_notification.desktop_notification:Sending desktop notification using 'notify2'
[4.892s] DEBUG:colcon.colcon_notification.desktop_notification.notify2:Failed to initialize notify2: org.freedesktop.DBus.Error.FileNotFound: Failed to connect to socket /run/user/1000/bus: No such file or directory
[4.892s] DEBUG:colcon.colcon_core.event_reactor:joined thread
[4.892s] INFO:colcon.colcon_core.shell:Creating prefix script '/home/bryan_wsl/projects/ros2_ws/install/local_setup.ps1'
[4.893s] INFO:colcon.colcon_core.shell:Creating prefix util module '/home/bryan_wsl/projects/ros2_ws/install/_local_setup_util_ps1.py'
[4.894s] INFO:colcon.colcon_core.shell:Creating prefix chain script '/home/bryan_wsl/projects/ros2_ws/install/setup.ps1'
[4.895s] INFO:colcon.colcon_core.shell:Creating prefix script '/home/bryan_wsl/projects/ros2_ws/install/local_setup.sh'
[4.896s] INFO:colcon.colcon_core.shell:Creating prefix util module '/home/bryan_wsl/projects/ros2_ws/install/_local_setup_util_sh.py'
[4.896s] INFO:colcon.colcon_core.shell:Creating prefix chain script '/home/bryan_wsl/projects/ros2_ws/install/setup.sh'
[4.897s] INFO:colcon.colcon_core.shell:Creating prefix script '/home/bryan_wsl/projects/ros2_ws/install/local_setup.bash'
[4.898s] INFO:colcon.colcon_core.shell:Creating prefix chain script '/home/bryan_wsl/projects/ros2_ws/install/setup.bash'
[4.899s] INFO:colcon.colcon_core.shell:Creating prefix script '/home/bryan_wsl/projects/ros2_ws/install/local_setup.zsh'
[4.899s] INFO:colcon.colcon_core.shell:Creating prefix chain script '/home/bryan_wsl/projects/ros2_ws/install/setup.zsh'
