[0.015s] Invoking command in '/home/bryan_wsl/projects/ros2_ws/build/path_planner': CMAKE_PREFIX_PATH=/opt/ros/humble /usr/bin/cmake /home/bryan_wsl/projects/ros2_ws/src/path_planner -DCMAKE_INSTALL_PREFIX=/home/bryan_wsl/projects/ros2_ws/install/path_planner
[0.218s] -- The C compiler identification is GNU 11.4.0
[0.717s] -- The CXX compiler identification is GNU 11.4.0
[0.979s] -- Detecting C compiler ABI info
[1.086s] -- Detecting C compiler ABI info - done
[1.090s] -- Check for working C compiler: /usr/bin/cc - skipped
[1.091s] -- Detecting C compile features
[1.091s] -- Detecting C compile features - done
[1.093s] -- Detecting CXX compiler ABI info
[1.197s] -- Detecting CXX compiler ABI info - done
[1.201s] -- Check for working CXX compiler: /usr/bin/c++ - skipped
[1.202s] -- Detecting CXX compile features
[1.202s] -- Detecting CXX compile features - done
[1.203s] -- Found ament_cmake: 1.3.11 (/opt/ros/humble/share/ament_cmake/cmake)
[1.292s] -- Found Python3: /usr/bin/python3 (found version "3.10.12") found components: Interpreter 
[1.359s] -- Found rclcpp: 16.0.12 (/opt/ros/humble/share/rclcpp/cmake)
[1.516s] -- Found rosidl_generator_c: 3.1.6 (/opt/ros/humble/share/rosidl_generator_c/cmake)
[1.521s] -- Found rosidl_adapter: 3.1.6 (/opt/ros/humble/share/rosidl_adapter/cmake)
[1.530s] -- Found rosidl_generator_cpp: 3.1.6 (/opt/ros/humble/share/rosidl_generator_cpp/cmake)
[1.545s] -- Using all available rosidl_typesupport_c: rosidl_typesupport_fastrtps_c;rosidl_typesupport_introspection_c
[1.561s] -- Using all available rosidl_typesupport_cpp: rosidl_typesupport_fastrtps_cpp;rosidl_typesupport_introspection_cpp
[1.609s] -- Found rmw_implementation_cmake: 6.1.2 (/opt/ros/humble/share/rmw_implementation_cmake/cmake)
[1.612s] -- Found rmw_fastrtps_cpp: 6.2.7 (/opt/ros/humble/share/rmw_fastrtps_cpp/cmake)
[2.187s] -- Found OpenSSL: /usr/lib/x86_64-linux-gnu/libcrypto.so (found version "3.0.2")  
[3.787s] -- Found FastRTPS: /opt/ros/humble/include  
[5.766s] -- Using RMW implementation 'rmw_fastrtps_cpp' as default
[5.770s] -- Looking for pthread.h
[5.875s] -- Looking for pthread.h - found
[5.875s] -- Performing Test CMAKE_HAVE_LIBC_PTHREAD
[5.992s] -- Performing Test CMAKE_HAVE_LIBC_PTHREAD - Success
[5.992s] -- Found Threads: TRUE  
[6.024s] -- Found ament_lint_auto: 0.12.12 (/opt/ros/humble/share/ament_lint_auto/cmake)
[6.078s] -- Added test 'cppcheck' to perform static code analysis on C / C++ code
[6.078s] -- Configured cppcheck include dirs: 
[6.078s] -- Configured cppcheck exclude dirs and/or files: 
[6.078s] -- Added test 'lint_cmake' to check CMake code style
[6.079s] -- Added test 'uncrustify' to check C / C++ code style
[6.079s] -- Configured uncrustify additional arguments: 
[6.080s] -- Added test 'xmllint' to check XML markup files
[6.081s] -- Configuring done
[6.089s] -- Generating done
[6.091s] -- Build files have been written to: /home/bryan_wsl/projects/ros2_ws/build/path_planner
[6.098s] Invoked command in '/home/bryan_wsl/projects/ros2_ws/build/path_planner' returned '0': CMAKE_PREFIX_PATH=/opt/ros/humble /usr/bin/cmake /home/bryan_wsl/projects/ros2_ws/src/path_planner -DCMAKE_INSTALL_PREFIX=/home/bryan_wsl/projects/ros2_ws/install/path_planner
[6.099s] Invoking command in '/home/bryan_wsl/projects/ros2_ws/build/path_planner': CMAKE_PREFIX_PATH=/opt/ros/humble /usr/bin/cmake --build /home/bryan_wsl/projects/ros2_ws/build/path_planner -- -j20 -l20
[6.126s] [ 50%] [32mBuilding CXX object CMakeFiles/path_planner.dir/src/main.cpp.o[0m
[8.394s] [100%] [32m[1mLinking CXX executable path_planner[0m
[8.645s] [100%] Built target path_planner
[8.653s] Invoked command in '/home/bryan_wsl/projects/ros2_ws/build/path_planner' returned '0': CMAKE_PREFIX_PATH=/opt/ros/humble /usr/bin/cmake --build /home/bryan_wsl/projects/ros2_ws/build/path_planner -- -j20 -l20
[8.658s] Invoking command in '/home/bryan_wsl/projects/ros2_ws/build/path_planner': CMAKE_PREFIX_PATH=/opt/ros/humble /usr/bin/cmake --install /home/bryan_wsl/projects/ros2_ws/build/path_planner
[8.662s] -- Install configuration: ""
[8.662s] -- Installing: /home/bryan_wsl/projects/ros2_ws/install/path_planner/lib/path_planner/path_planner
[8.662s] -- Set runtime path of "/home/bryan_wsl/projects/ros2_ws/install/path_planner/lib/path_planner/path_planner" to ""
[8.663s] -- Installing: /home/bryan_wsl/projects/ros2_ws/install/path_planner/share/ament_index/resource_index/package_run_dependencies/path_planner
[8.663s] -- Installing: /home/bryan_wsl/projects/ros2_ws/install/path_planner/share/ament_index/resource_index/parent_prefix_path/path_planner
[8.663s] -- Installing: /home/bryan_wsl/projects/ros2_ws/install/path_planner/share/path_planner/environment/ament_prefix_path.sh
[8.664s] -- Installing: /home/bryan_wsl/projects/ros2_ws/install/path_planner/share/path_planner/environment/ament_prefix_path.dsv
[8.664s] -- Installing: /home/bryan_wsl/projects/ros2_ws/install/path_planner/share/path_planner/environment/path.sh
[8.664s] -- Installing: /home/bryan_wsl/projects/ros2_ws/install/path_planner/share/path_planner/environment/path.dsv
[8.664s] -- Installing: /home/bryan_wsl/projects/ros2_ws/install/path_planner/share/path_planner/local_setup.bash
[8.664s] -- Installing: /home/bryan_wsl/projects/ros2_ws/install/path_planner/share/path_planner/local_setup.sh
[8.664s] -- Installing: /home/bryan_wsl/projects/ros2_ws/install/path_planner/share/path_planner/local_setup.zsh
[8.664s] -- Installing: /home/bryan_wsl/projects/ros2_ws/install/path_planner/share/path_planner/local_setup.dsv
[8.664s] -- Installing: /home/bryan_wsl/projects/ros2_ws/install/path_planner/share/path_planner/package.dsv
[8.664s] -- Installing: /home/bryan_wsl/projects/ros2_ws/install/path_planner/share/ament_index/resource_index/packages/path_planner
[8.664s] -- Installing: /home/bryan_wsl/projects/ros2_ws/install/path_planner/share/path_planner/cmake/path_plannerConfig.cmake
[8.664s] -- Installing: /home/bryan_wsl/projects/ros2_ws/install/path_planner/share/path_planner/cmake/path_plannerConfig-version.cmake
[8.665s] -- Installing: /home/bryan_wsl/projects/ros2_ws/install/path_planner/share/path_planner/package.xml
[8.666s] Invoked command in '/home/bryan_wsl/projects/ros2_ws/build/path_planner' returned '0': CMAKE_PREFIX_PATH=/opt/ros/humble /usr/bin/cmake --install /home/bryan_wsl/projects/ros2_ws/build/path_planner
