[0.018s] Invoking command in '/home/bryan_wsl/projects/ros2_ws/build/sensor_fusion_core': CMAKE_PREFIX_PATH=/opt/ros/humble /usr/bin/cmake --build /home/bryan_wsl/projects/ros2_ws/build/sensor_fusion_core -- -j20 -l20
[0.107s] [35m[1mConsolidate compiler generated dependencies of target sensor_fusion_core[0m
[0.118s] [100%] Built target sensor_fusion_core
[0.133s] Invoked command in '/home/bryan_wsl/projects/ros2_ws/build/sensor_fusion_core' returned '0': CMAKE_PREFIX_PATH=/opt/ros/humble /usr/bin/cmake --build /home/bryan_wsl/projects/ros2_ws/build/sensor_fusion_core -- -j20 -l20
[0.136s] Invoking command in '/home/bryan_wsl/projects/ros2_ws/build/sensor_fusion_core': CMAKE_PREFIX_PATH=/opt/ros/humble /usr/bin/cmake --install /home/bryan_wsl/projects/ros2_ws/build/sensor_fusion_core
[0.138s] -- Install configuration: ""
[0.139s] -- Up-to-date: /home/bryan_wsl/projects/ros2_ws/install/sensor_fusion_core/lib/sensor_fusion_core/sensor_fusion_core
[0.140s] -- Up-to-date: /home/bryan_wsl/projects/ros2_ws/install/sensor_fusion_core/share/ament_index/resource_index/package_run_dependencies/sensor_fusion_core
[0.140s] -- Up-to-date: /home/bryan_wsl/projects/ros2_ws/install/sensor_fusion_core/share/ament_index/resource_index/parent_prefix_path/sensor_fusion_core
[0.140s] -- Up-to-date: /home/bryan_wsl/projects/ros2_ws/install/sensor_fusion_core/share/sensor_fusion_core/environment/ament_prefix_path.sh
[0.141s] -- Up-to-date: /home/bryan_wsl/projects/ros2_ws/install/sensor_fusion_core/share/sensor_fusion_core/environment/ament_prefix_path.dsv
[0.141s] -- Up-to-date: /home/bryan_wsl/projects/ros2_ws/install/sensor_fusion_core/share/sensor_fusion_core/environment/path.sh
[0.141s] -- Up-to-date: /home/bryan_wsl/projects/ros2_ws/install/sensor_fusion_core/share/sensor_fusion_core/environment/path.dsv
[0.141s] -- Up-to-date: /home/bryan_wsl/projects/ros2_ws/install/sensor_fusion_core/share/sensor_fusion_core/local_setup.bash
[0.142s] -- Up-to-date: /home/bryan_wsl/projects/ros2_ws/install/sensor_fusion_core/share/sensor_fusion_core/local_setup.sh
[0.142s] -- Up-to-date: /home/bryan_wsl/projects/ros2_ws/install/sensor_fusion_core/share/sensor_fusion_core/local_setup.zsh
[0.142s] -- Up-to-date: /home/bryan_wsl/projects/ros2_ws/install/sensor_fusion_core/share/sensor_fusion_core/local_setup.dsv
[0.142s] -- Installing: /home/bryan_wsl/projects/ros2_ws/install/sensor_fusion_core/share/sensor_fusion_core/package.dsv
[0.142s] -- Up-to-date: /home/bryan_wsl/projects/ros2_ws/install/sensor_fusion_core/share/ament_index/resource_index/packages/sensor_fusion_core
[0.142s] -- Up-to-date: /home/bryan_wsl/projects/ros2_ws/install/sensor_fusion_core/share/sensor_fusion_core/cmake/sensor_fusion_coreConfig.cmake
[0.142s] -- Up-to-date: /home/bryan_wsl/projects/ros2_ws/install/sensor_fusion_core/share/sensor_fusion_core/cmake/sensor_fusion_coreConfig-version.cmake
[0.142s] -- Up-to-date: /home/bryan_wsl/projects/ros2_ws/install/sensor_fusion_core/share/sensor_fusion_core/package.xml
[0.147s] Invoked command in '/home/bryan_wsl/projects/ros2_ws/build/sensor_fusion_core' returned '0': CMAKE_PREFIX_PATH=/opt/ros/humble /usr/bin/cmake --install /home/bryan_wsl/projects/ros2_ws/build/sensor_fusion_core
