[0.019s] Invoking command in '/home/bryan_wsl/projects/ros2_ws/build/sensor_sim': CMAKE_PREFIX_PATH=/opt/ros/humble /usr/bin/cmake /home/bryan_wsl/projects/ros2_ws/src/sensor_sim -DCMAKE_INSTALL_PREFIX=/home/bryan_wsl/projects/ros2_ws/install/sensor_sim
[0.212s] -- The C compiler identification is GNU 11.4.0
[0.679s] -- The CXX compiler identification is GNU 11.4.0
[0.900s] -- Detecting C compiler ABI info
[1.017s] -- Detecting C compiler ABI info - done
[1.021s] -- Check for working C compiler: /usr/bin/cc - skipped
[1.021s] -- Detecting C compile features
[1.023s] -- Detecting C compile features - done
[1.026s] -- Detecting CXX compiler ABI info
[1.163s] -- Detecting CXX compiler ABI info - done
[1.168s] -- Check for working CXX compiler: /usr/bin/c++ - skipped
[1.168s] -- Detecting CXX compile features
[1.168s] -- Detecting CXX compile features - done
[1.179s] -- Found ament_cmake: 1.3.11 (/opt/ros/humble/share/ament_cmake/cmake)
[1.278s] -- Found Python3: /usr/bin/python3 (found version "3.10.12") found components: Interpreter 
[1.354s] -- Found rclcpp: 16.0.12 (/opt/ros/humble/share/rclcpp/cmake)
[1.512s] -- Found rosidl_generator_c: 3.1.6 (/opt/ros/humble/share/rosidl_generator_c/cmake)
[1.517s] -- Found rosidl_adapter: 3.1.6 (/opt/ros/humble/share/rosidl_adapter/cmake)
[1.526s] -- Found rosidl_generator_cpp: 3.1.6 (/opt/ros/humble/share/rosidl_generator_cpp/cmake)
[1.541s] -- Using all available rosidl_typesupport_c: rosidl_typesupport_fastrtps_c;rosidl_typesupport_introspection_c
[1.557s] -- Using all available rosidl_typesupport_cpp: rosidl_typesupport_fastrtps_cpp;rosidl_typesupport_introspection_cpp
[1.604s] -- Found rmw_implementation_cmake: 6.1.2 (/opt/ros/humble/share/rmw_implementation_cmake/cmake)
[1.607s] -- Found rmw_fastrtps_cpp: 6.2.7 (/opt/ros/humble/share/rmw_fastrtps_cpp/cmake)
[2.182s] -- Found OpenSSL: /usr/lib/x86_64-linux-gnu/libcrypto.so (found version "3.0.2")  
[2.973s] -- Found FastRTPS: /opt/ros/humble/include  
[4.497s] -- Using RMW implementation 'rmw_fastrtps_cpp' as default
[4.509s] -- Looking for pthread.h
[4.608s] -- Looking for pthread.h - found
[4.608s] -- Performing Test CMAKE_HAVE_LIBC_PTHREAD
[4.706s] -- Performing Test CMAKE_HAVE_LIBC_PTHREAD - Success
[4.707s] -- Found Threads: TRUE  
[4.760s] -- Found sensor_msgs: 4.8.0 (/opt/ros/humble/share/sensor_msgs/cmake)
[4.795s] -- Found ament_lint_auto: 0.12.12 (/opt/ros/humble/share/ament_lint_auto/cmake)
[4.851s] -- Added test 'cppcheck' to perform static code analysis on C / C++ code
[4.851s] -- Configured cppcheck include dirs: 
[4.851s] -- Configured cppcheck exclude dirs and/or files: 
[4.852s] -- Added test 'lint_cmake' to check CMake code style
[4.853s] -- Added test 'uncrustify' to check C / C++ code style
[4.853s] -- Configured uncrustify additional arguments: 
[4.853s] -- Added test 'xmllint' to check XML markup files
[4.855s] -- Configuring done
[4.860s] -- Generating done
[4.863s] -- Build files have been written to: /home/bryan_wsl/projects/ros2_ws/build/sensor_sim
[4.870s] Invoked command in '/home/bryan_wsl/projects/ros2_ws/build/sensor_sim' returned '0': CMAKE_PREFIX_PATH=/opt/ros/humble /usr/bin/cmake /home/bryan_wsl/projects/ros2_ws/src/sensor_sim -DCMAKE_INSTALL_PREFIX=/home/bryan_wsl/projects/ros2_ws/install/sensor_sim
[4.872s] Invoking command in '/home/bryan_wsl/projects/ros2_ws/build/sensor_sim': CMAKE_PREFIX_PATH=/opt/ros/humble /usr/bin/cmake --build /home/bryan_wsl/projects/ros2_ws/build/sensor_sim -- -j20 -l20
[4.897s] [ 50%] [32mBuilding CXX object CMakeFiles/sensor_sim.dir/src/sensor_sim.cpp.o[0m
[8.645s] [100%] [32m[1mLinking CXX executable sensor_sim[0m
[8.945s] [100%] Built target sensor_sim
[8.951s] Invoked command in '/home/bryan_wsl/projects/ros2_ws/build/sensor_sim' returned '0': CMAKE_PREFIX_PATH=/opt/ros/humble /usr/bin/cmake --build /home/bryan_wsl/projects/ros2_ws/build/sensor_sim -- -j20 -l20
[8.953s] Invoking command in '/home/bryan_wsl/projects/ros2_ws/build/sensor_sim': CMAKE_PREFIX_PATH=/opt/ros/humble /usr/bin/cmake --install /home/bryan_wsl/projects/ros2_ws/build/sensor_sim
[8.956s] -- Install configuration: ""
[8.956s] -- Installing: /home/bryan_wsl/projects/ros2_ws/install/sensor_sim/lib/sensor_sim/sensor_sim
[8.957s] -- Set runtime path of "/home/bryan_wsl/projects/ros2_ws/install/sensor_sim/lib/sensor_sim/sensor_sim" to ""
[8.957s] -- Installing: /home/bryan_wsl/projects/ros2_ws/install/sensor_sim/share/ament_index/resource_index/package_run_dependencies/sensor_sim
[8.958s] -- Installing: /home/bryan_wsl/projects/ros2_ws/install/sensor_sim/share/ament_index/resource_index/parent_prefix_path/sensor_sim
[8.958s] -- Installing: /home/bryan_wsl/projects/ros2_ws/install/sensor_sim/share/sensor_sim/environment/ament_prefix_path.sh
[8.959s] -- Installing: /home/bryan_wsl/projects/ros2_ws/install/sensor_sim/share/sensor_sim/environment/ament_prefix_path.dsv
[8.959s] -- Installing: /home/bryan_wsl/projects/ros2_ws/install/sensor_sim/share/sensor_sim/environment/path.sh
[8.959s] -- Installing: /home/bryan_wsl/projects/ros2_ws/install/sensor_sim/share/sensor_sim/environment/path.dsv
[8.959s] -- Installing: /home/bryan_wsl/projects/ros2_ws/install/sensor_sim/share/sensor_sim/local_setup.bash
[8.959s] -- Installing: /home/bryan_wsl/projects/ros2_ws/install/sensor_sim/share/sensor_sim/local_setup.sh
[8.959s] -- Installing: /home/bryan_wsl/projects/ros2_ws/install/sensor_sim/share/sensor_sim/local_setup.zsh
[8.959s] -- Installing: /home/bryan_wsl/projects/ros2_ws/install/sensor_sim/share/sensor_sim/local_setup.dsv
[8.959s] -- Installing: /home/bryan_wsl/projects/ros2_ws/install/sensor_sim/share/sensor_sim/package.dsv
[8.959s] -- Installing: /home/bryan_wsl/projects/ros2_ws/install/sensor_sim/share/ament_index/resource_index/packages/sensor_sim
[8.960s] -- Installing: /home/bryan_wsl/projects/ros2_ws/install/sensor_sim/share/sensor_sim/cmake/sensor_simConfig.cmake
[8.960s] -- Installing: /home/bryan_wsl/projects/ros2_ws/install/sensor_sim/share/sensor_sim/cmake/sensor_simConfig-version.cmake
[8.960s] -- Installing: /home/bryan_wsl/projects/ros2_ws/install/sensor_sim/share/sensor_sim/package.xml
[8.961s] Invoked command in '/home/bryan_wsl/projects/ros2_ws/build/sensor_sim' returned '0': CMAKE_PREFIX_PATH=/opt/ros/humble /usr/bin/cmake --install /home/bryan_wsl/projects/ros2_ws/build/sensor_sim
