[0.020s] Invoking command in '/home/bryan_wsl/projects/ros2_ws/build/controller_core': CMAKE_PREFIX_PATH=/opt/ros/humble /usr/bin/cmake --build /home/bryan_wsl/projects/ros2_ws/build/controller_core -- -j20 -l20
[0.118s] [35m[1mConsolidate compiler generated dependencies of target controller_core[0m
[0.128s] [100%] Built target controller_core
[0.146s] Invoked command in '/home/bryan_wsl/projects/ros2_ws/build/controller_core' returned '0': CMAKE_PREFIX_PATH=/opt/ros/humble /usr/bin/cmake --build /home/bryan_wsl/projects/ros2_ws/build/controller_core -- -j20 -l20
[0.148s] Invoking command in '/home/bryan_wsl/projects/ros2_ws/build/controller_core': CMAKE_PREFIX_PATH=/opt/ros/humble /usr/bin/cmake --install /home/bryan_wsl/projects/ros2_ws/build/controller_core
[0.156s] -- Install configuration: ""
[0.156s] -- Up-to-date: /home/bryan_wsl/projects/ros2_ws/install/controller_core/lib/controller_core/controller_core
[0.156s] -- Up-to-date: /home/bryan_wsl/projects/ros2_ws/install/controller_core/share/ament_index/resource_index/package_run_dependencies/controller_core
[0.156s] -- Up-to-date: /home/bryan_wsl/projects/ros2_ws/install/controller_core/share/ament_index/resource_index/parent_prefix_path/controller_core
[0.156s] -- Up-to-date: /home/bryan_wsl/projects/ros2_ws/install/controller_core/share/controller_core/environment/ament_prefix_path.sh
[0.156s] -- Up-to-date: /home/bryan_wsl/projects/ros2_ws/install/controller_core/share/controller_core/environment/ament_prefix_path.dsv
[0.156s] -- Up-to-date: /home/bryan_wsl/projects/ros2_ws/install/controller_core/share/controller_core/environment/path.sh
[0.156s] -- Up-to-date: /home/bryan_wsl/projects/ros2_ws/install/controller_core/share/controller_core/environment/path.dsv
[0.156s] -- Up-to-date: /home/bryan_wsl/projects/ros2_ws/install/controller_core/share/controller_core/local_setup.bash
[0.157s] -- Up-to-date: /home/bryan_wsl/projects/ros2_ws/install/controller_core/share/controller_core/local_setup.sh
[0.157s] -- Up-to-date: /home/bryan_wsl/projects/ros2_ws/install/controller_core/share/controller_core/local_setup.zsh
[0.157s] -- Up-to-date: /home/bryan_wsl/projects/ros2_ws/install/controller_core/share/controller_core/local_setup.dsv
[0.157s] -- Installing: /home/bryan_wsl/projects/ros2_ws/install/controller_core/share/controller_core/package.dsv
[0.157s] -- Up-to-date: /home/bryan_wsl/projects/ros2_ws/install/controller_core/share/ament_index/resource_index/packages/controller_core
[0.157s] -- Up-to-date: /home/bryan_wsl/projects/ros2_ws/install/controller_core/share/controller_core/cmake/controller_coreConfig.cmake
[0.157s] -- Up-to-date: /home/bryan_wsl/projects/ros2_ws/install/controller_core/share/controller_core/cmake/controller_coreConfig-version.cmake
[0.157s] -- Up-to-date: /home/bryan_wsl/projects/ros2_ws/install/controller_core/share/controller_core/package.xml
[0.182s] Invoked command in '/home/bryan_wsl/projects/ros2_ws/build/controller_core' returned '0': CMAKE_PREFIX_PATH=/opt/ros/humble /usr/bin/cmake --install /home/bryan_wsl/projects/ros2_ws/build/controller_core
