[0.014s] Invoking command in '/home/bryan_wsl/projects/ros2_ws/build/path_planner': CMAKE_PREFIX_PATH=/opt/ros/humble /usr/bin/cmake --build /home/bryan_wsl/projects/ros2_ws/build/path_planner -- -j20 -l20
[0.109s] [35m[1mConsolidate compiler generated dependencies of target path_planner[0m
[0.120s] [100%] Built target path_planner
[0.141s] Invoked command in '/home/bryan_wsl/projects/ros2_ws/build/path_planner' returned '0': CMAKE_PREFIX_PATH=/opt/ros/humble /usr/bin/cmake --build /home/bryan_wsl/projects/ros2_ws/build/path_planner -- -j20 -l20
[0.146s] Invoking command in '/home/bryan_wsl/projects/ros2_ws/build/path_planner': CMAKE_PREFIX_PATH=/opt/ros/humble /usr/bin/cmake --install /home/bryan_wsl/projects/ros2_ws/build/path_planner
[0.150s] -- Install configuration: ""
[0.150s] -- Up-to-date: /home/bryan_wsl/projects/ros2_ws/install/path_planner/lib/path_planner/path_planner
[0.151s] -- Up-to-date: /home/bryan_wsl/projects/ros2_ws/install/path_planner/share/ament_index/resource_index/package_run_dependencies/path_planner
[0.151s] -- Up-to-date: /home/bryan_wsl/projects/ros2_ws/install/path_planner/share/ament_index/resource_index/parent_prefix_path/path_planner
[0.151s] -- Up-to-date: /home/bryan_wsl/projects/ros2_ws/install/path_planner/share/path_planner/environment/ament_prefix_path.sh
[0.151s] -- Up-to-date: /home/bryan_wsl/projects/ros2_ws/install/path_planner/share/path_planner/environment/ament_prefix_path.dsv
[0.151s] -- Up-to-date: /home/bryan_wsl/projects/ros2_ws/install/path_planner/share/path_planner/environment/path.sh
[0.151s] -- Up-to-date: /home/bryan_wsl/projects/ros2_ws/install/path_planner/share/path_planner/environment/path.dsv
[0.151s] -- Up-to-date: /home/bryan_wsl/projects/ros2_ws/install/path_planner/share/path_planner/local_setup.bash
[0.151s] -- Up-to-date: /home/bryan_wsl/projects/ros2_ws/install/path_planner/share/path_planner/local_setup.sh
[0.152s] -- Up-to-date: /home/bryan_wsl/projects/ros2_ws/install/path_planner/share/path_planner/local_setup.zsh
[0.152s] -- Up-to-date: /home/bryan_wsl/projects/ros2_ws/install/path_planner/share/path_planner/local_setup.dsv
[0.152s] -- Installing: /home/bryan_wsl/projects/ros2_ws/install/path_planner/share/path_planner/package.dsv
[0.152s] -- Up-to-date: /home/bryan_wsl/projects/ros2_ws/install/path_planner/share/ament_index/resource_index/packages/path_planner
[0.152s] -- Up-to-date: /home/bryan_wsl/projects/ros2_ws/install/path_planner/share/path_planner/cmake/path_plannerConfig.cmake
[0.152s] -- Up-to-date: /home/bryan_wsl/projects/ros2_ws/install/path_planner/share/path_planner/cmake/path_plannerConfig-version.cmake
[0.152s] -- Up-to-date: /home/bryan_wsl/projects/ros2_ws/install/path_planner/share/path_planner/package.xml
[0.181s] Invoked command in '/home/bryan_wsl/projects/ros2_ws/build/path_planner' returned '0': CMAKE_PREFIX_PATH=/opt/ros/humble /usr/bin/cmake --install /home/bryan_wsl/projects/ros2_ws/build/path_planner
