[0.019s] Invoking command in '/home/bryan_wsl/projects/ros2_ws/build/controller_core': CMAKE_PREFIX_PATH=/opt/ros/humble /usr/bin/cmake /home/bryan_wsl/projects/ros2_ws/src/controller_core -DCMAKE_INSTALL_PREFIX=/home/bryan_wsl/projects/ros2_ws/install/controller_core
[0.227s] -- The C compiler identification is GNU 11.4.0
[0.692s] -- The CXX compiler identification is GNU 11.4.0
[0.958s] -- Detecting C compiler ABI info
[1.062s] -- Detecting C compiler ABI info - done
[1.067s] -- Check for working C compiler: /usr/bin/cc - skipped
[1.067s] -- Detecting C compile features
[1.067s] -- Detecting C compile features - done
[1.069s] -- Detecting CXX compiler ABI info
[1.207s] -- Detecting CXX compiler ABI info - done
[1.212s] -- Check for working CXX compiler: /usr/bin/c++ - skipped
[1.212s] -- Detecting CXX compile features
[1.212s] -- Detecting CXX compile features - done
[1.213s] -- Found ament_cmake: 1.3.11 (/opt/ros/humble/share/ament_cmake/cmake)
[1.309s] -- Found Python3: /usr/bin/python3 (found version "3.10.12") found components: Interpreter 
[1.368s] -- Found rclcpp: 16.0.12 (/opt/ros/humble/share/rclcpp/cmake)
[1.525s] -- Found rosidl_generator_c: 3.1.6 (/opt/ros/humble/share/rosidl_generator_c/cmake)
[1.530s] -- Found rosidl_adapter: 3.1.6 (/opt/ros/humble/share/rosidl_adapter/cmake)
[1.539s] -- Found rosidl_generator_cpp: 3.1.6 (/opt/ros/humble/share/rosidl_generator_cpp/cmake)
[1.553s] -- Using all available rosidl_typesupport_c: rosidl_typesupport_fastrtps_c;rosidl_typesupport_introspection_c
[1.570s] -- Using all available rosidl_typesupport_cpp: rosidl_typesupport_fastrtps_cpp;rosidl_typesupport_introspection_cpp
[1.617s] -- Found rmw_implementation_cmake: 6.1.2 (/opt/ros/humble/share/rmw_implementation_cmake/cmake)
[1.620s] -- Found rmw_fastrtps_cpp: 6.2.7 (/opt/ros/humble/share/rmw_fastrtps_cpp/cmake)
[2.921s] -- Found OpenSSL: /usr/lib/x86_64-linux-gnu/libcrypto.so (found version "3.0.2")  
[3.853s] -- Found FastRTPS: /opt/ros/humble/include  
[6.804s] -- Using RMW implementation 'rmw_fastrtps_cpp' as default
[6.810s] -- Looking for pthread.h
[6.945s] -- Looking for pthread.h - found
[6.946s] -- Performing Test CMAKE_HAVE_LIBC_PTHREAD
[7.094s] -- Performing Test CMAKE_HAVE_LIBC_PTHREAD - Success
[7.095s] -- Found Threads: TRUE  
[7.127s] -- Found ament_lint_auto: 0.12.12 (/opt/ros/humble/share/ament_lint_auto/cmake)
[7.187s] -- Added test 'cppcheck' to perform static code analysis on C / C++ code
[7.187s] -- Configured cppcheck include dirs: 
[7.188s] -- Configured cppcheck exclude dirs and/or files: 
[7.188s] -- Added test 'lint_cmake' to check CMake code style
[7.188s] -- Added test 'uncrustify' to check C / C++ code style
[7.188s] -- Configured uncrustify additional arguments: 
[7.189s] -- Added test 'xmllint' to check XML markup files
[7.190s] -- Configuring done
[7.195s] -- Generating done
[7.199s] -- Build files have been written to: /home/bryan_wsl/projects/ros2_ws/build/controller_core
[7.206s] Invoked command in '/home/bryan_wsl/projects/ros2_ws/build/controller_core' returned '0': CMAKE_PREFIX_PATH=/opt/ros/humble /usr/bin/cmake /home/bryan_wsl/projects/ros2_ws/src/controller_core -DCMAKE_INSTALL_PREFIX=/home/bryan_wsl/projects/ros2_ws/install/controller_core
[7.208s] Invoking command in '/home/bryan_wsl/projects/ros2_ws/build/controller_core': CMAKE_PREFIX_PATH=/opt/ros/humble /usr/bin/cmake --build /home/bryan_wsl/projects/ros2_ws/build/controller_core -- -j20 -l20
[7.242s] [ 50%] [32mBuilding CXX object CMakeFiles/controller_core.dir/src/main.cpp.o[0m
[9.375s] [100%] [32m[1mLinking CXX executable controller_core[0m
[9.601s] [100%] Built target controller_core
[9.609s] Invoked command in '/home/bryan_wsl/projects/ros2_ws/build/controller_core' returned '0': CMAKE_PREFIX_PATH=/opt/ros/humble /usr/bin/cmake --build /home/bryan_wsl/projects/ros2_ws/build/controller_core -- -j20 -l20
[9.610s] Invoking command in '/home/bryan_wsl/projects/ros2_ws/build/controller_core': CMAKE_PREFIX_PATH=/opt/ros/humble /usr/bin/cmake --install /home/bryan_wsl/projects/ros2_ws/build/controller_core
[9.614s] -- Install configuration: ""
[9.614s] -- Installing: /home/bryan_wsl/projects/ros2_ws/install/controller_core/lib/controller_core/controller_core
[9.614s] -- Set runtime path of "/home/bryan_wsl/projects/ros2_ws/install/controller_core/lib/controller_core/controller_core" to ""
[9.615s] -- Installing: /home/bryan_wsl/projects/ros2_ws/install/controller_core/share/ament_index/resource_index/package_run_dependencies/controller_core
[9.615s] -- Installing: /home/bryan_wsl/projects/ros2_ws/install/controller_core/share/ament_index/resource_index/parent_prefix_path/controller_core
[9.615s] -- Installing: /home/bryan_wsl/projects/ros2_ws/install/controller_core/share/controller_core/environment/ament_prefix_path.sh
[9.615s] -- Installing: /home/bryan_wsl/projects/ros2_ws/install/controller_core/share/controller_core/environment/ament_prefix_path.dsv
[9.615s] -- Installing: /home/bryan_wsl/projects/ros2_ws/install/controller_core/share/controller_core/environment/path.sh
[9.615s] -- Installing: /home/bryan_wsl/projects/ros2_ws/install/controller_core/share/controller_core/environment/path.dsv
[9.615s] -- Installing: /home/bryan_wsl/projects/ros2_ws/install/controller_core/share/controller_core/local_setup.bash
[9.615s] -- Installing: /home/bryan_wsl/projects/ros2_ws/install/controller_core/share/controller_core/local_setup.sh
[9.616s] -- Installing: /home/bryan_wsl/projects/ros2_ws/install/controller_core/share/controller_core/local_setup.zsh
[9.616s] -- Installing: /home/bryan_wsl/projects/ros2_ws/install/controller_core/share/controller_core/local_setup.dsv
[9.616s] -- Installing: /home/bryan_wsl/projects/ros2_ws/install/controller_core/share/controller_core/package.dsv
[9.616s] -- Installing: /home/bryan_wsl/projects/ros2_ws/install/controller_core/share/ament_index/resource_index/packages/controller_core
[9.616s] -- Installing: /home/bryan_wsl/projects/ros2_ws/install/controller_core/share/controller_core/cmake/controller_coreConfig.cmake
[9.616s] -- Installing: /home/bryan_wsl/projects/ros2_ws/install/controller_core/share/controller_core/cmake/controller_coreConfig-version.cmake
[9.616s] -- Installing: /home/bryan_wsl/projects/ros2_ws/install/controller_core/share/controller_core/package.xml
[9.617s] Invoked command in '/home/bryan_wsl/projects/ros2_ws/build/controller_core' returned '0': CMAKE_PREFIX_PATH=/opt/ros/humble /usr/bin/cmake --install /home/bryan_wsl/projects/ros2_ws/build/controller_core
